{"Protocol":0,"Id":"5e06d65e9c48d5d2d61a96ce747cf860","Path":"/media/media/movies/Cowboy Bebop Knockin\u0027 on Heaven\u0027s Door (2001).mkv","EncoderPath":null,"EncoderProtocol":null,"Type":0,"Container":"mkv","Size":2471756029,"Name":"Cowboy Bebop Knockin\u0027 on Heaven\u0027s Door (2001)","IsRemote":false,"ETag":"b01c12426fb996c6f2d49e7b2f8c231e","RunTimeTicks":69149440000,"ReadAtNativeFramerate":false,"IgnoreDts":false,"IgnoreIndex":false,"GenPtsInput":false,"SupportsTranscoding":true,"SupportsDirectStream":true,"SupportsDirectPlay":true,"IsInfiniteStream":false,"UseMostCompatibleTranscodingProfile":false,"RequiresOpening":false,"OpenToken":null,"RequiresClosing":false,"LiveStreamId":null,"BufferMs":null,"RequiresLooping":false,"SupportsProbing":true,"VideoType":0,"IsoType":null,"Video3DFormat":null,"MediaStreams":[{"Codec":"h264","CodecTag":null,"Language":null,"ColorRange":null,"ColorSpace":null,"ColorTransfer":null,"ColorPrimaries":null,"DvVersionMajor":null,"DvVersionMinor":null,"DvProfile":null,"DvLevel":null,"RpuPresentFlag":null,"ElPresentFlag":null,"BlPresentFlag":null,"DvBlSignalCompatibilityId":null,"Rotation":null,"Comment":null,"TimeBase":"1/1000","CodecTimeBase":null,"Title":null,"Hdr10PlusPresentFlag":null,"VideoRange":1,"VideoRangeType":1,"VideoDoViTitle":null,"AudioSpatialFormat":0,"LocalizedUndefined":null,"LocalizedDefault":null,"LocalizedForced":null,"LocalizedExternal":null,"LocalizedHearingImpaired":null,"DisplayTitle":"1080p H264 SDR","NalLengthSize":"4","IsInterlaced":false,"IsAVC":true,"ChannelLayout":null,"BitRate":2859610,"BitDepth":8,"RefFrames":1,"PacketLength":null,"Channels":null,"SampleRate":null,"IsDefault":true,"IsForced":false,"IsHearingImpaired":false,"Height":1080,"Width":1920,"AverageFrameRate":23.976025,"RealFrameRate":23.976025,"ReferenceFrameRate":23.976025,"Profile":"High","Type":1,"AspectRatio":"16:9","Index":0,"Score":null,"IsExternal":false,"DeliveryMethod":null,"DeliveryUrl":null,"IsExternalUrl":null,"IsTextSubtitleStream":false,"SupportsExternalStream":false,"Path":null,"PixelFormat":"yuv420p","Level":40,"IsAnamorphic":false},{"Codec":"ac3","CodecTag":null,"Language":"spa","ColorRange":null,"ColorSpace":null,"ColorTransfer":null,"ColorPrimaries":null,"DvVersionMajor":null,"DvVersionMinor":null,"DvProfile":null,"DvLevel":null,"RpuPresentFlag":null,"ElPresentFlag":null,"BlPresentFlag":null,"DvBlSignalCompatibilityId":null,"Rotation":null,"Comment":null,"TimeBase":"1/1000","CodecTimeBase":null,"Title":null,"Hdr10PlusPresentFlag":null,"VideoRange":0,"VideoRangeType":0,"VideoDoViTitle":null,"AudioSpatialFormat":0,"LocalizedUndefined":null,"LocalizedDefault":"Por defecto","LocalizedForced":null,"LocalizedExternal":"Externo","LocalizedHearingImpaired":null,"DisplayTitle":"Spanish - Dolby Digital - 5.1 - Por defecto","NalLengthSize":null,"IsInterlaced":false,"IsAVC":false,"ChannelLayout":"5.1","BitRate":384000,"BitDepth":null,"RefFrames":null,"PacketLength":null,"Channels":6,"SampleRate":44100,"IsDefault":true,"IsForced":false,"IsHearingImpaired":false,"Height":null,"Width":null,"AverageFrameRate":null,"RealFrameRate":null,"ReferenceFrameRate":null,"Profile":null,"Type":0,"AspectRatio":null,"Index":1,"Score":null,"IsExternal":false,"DeliveryMethod":null,"DeliveryUrl":null,"IsExternalUrl":null,"IsTextSubtitleStream":false,"SupportsExternalStream":false,"Path":null,"PixelFormat":null,"Level":0,"IsAnamorphic":null},{"Codec":"ac3","CodecTag":null,"Language":"jpn","ColorRange":null,"ColorSpace":null,"ColorTransfer":null,"ColorPrimaries":null,"DvVersionMajor":null,"DvVersionMinor":null,"DvProfile":null,"DvLevel":null,"RpuPresentFlag":null,"ElPresentFlag":null,"BlPresentFlag":null,"DvBlSignalCompatibilityId":null,"Rotation":null,"Comment":null,"TimeBase":"1/1000","CodecTimeBase":null,"Title":null,"Hdr10PlusPresentFlag":null,"VideoRange":0,"VideoRangeType":0,"VideoDoViTitle":null,"AudioSpatialFormat":0,"LocalizedUndefined":null,"LocalizedDefault":"Por defecto","LocalizedForced":null,"LocalizedExternal":"Externo","LocalizedHearingImpaired":null,"DisplayTitle":"Japanese - Dolby Digital - 5.1","NalLengthSize":null,"IsInterlaced":false,"IsAVC":false,"ChannelLayout":"5.1","BitRate":384000,"BitDepth":null,"RefFrames":null,"PacketLength":null,"Channels":6,"SampleRate":44100,"IsDefault":false,"IsForced":false,"IsHearingImpaired":false,"Height":null,"Width":null,"AverageFrameRate":null,"RealFrameRate":null,"ReferenceFrameRate":null,"Profile":null,"Type":0,"AspectRatio":null,"Index":2,"Score":null,"IsExternal":false,"DeliveryMethod":null,"DeliveryUrl":null,"IsExternalUrl":null,"IsTextSubtitleStream":false,"SupportsExternalStream":false,"Path":null,"PixelFormat":null,"Level":0,"IsAnamorphic":null},{"Codec":"ac3","CodecTag":null,"Language":"eng","ColorRange":null,"ColorSpace":null,"ColorTransfer":null,"ColorPrimaries":null,"DvVersionMajor":null,"DvVersionMinor":null,"DvProfile":null,"DvLevel":null,"RpuPresentFlag":null,"ElPresentFlag":null,"BlPresentFlag":null,"DvBlSignalCompatibilityId":null,"Rotation":null,"Comment":null,"TimeBase":"1/1000","CodecTimeBase":null,"Title":null,"Hdr10PlusPresentFlag":null,"VideoRange":0,"VideoRangeType":0,"VideoDoViTitle":null,"AudioSpatialFormat":0,"LocalizedUndefined":null,"LocalizedDefault":"Por defecto","LocalizedForced":null,"LocalizedExternal":"Externo","LocalizedHearingImpaired":null,"DisplayTitle":"English - Dolby Digital - Stereo","NalLengthSize":null,"IsInterlaced":false,"IsAVC":false,"ChannelLayout":"stereo","BitRate":384000,"BitDepth":null,"RefFrames":null,"PacketLength":null,"Channels":2,"SampleRate":48000,"IsDefault":false,"IsForced":false,"IsHearingImpaired":false,"Height":null,"Width":null,"AverageFrameRate":null,"RealFrameRate":null,"ReferenceFrameRate":null,"Profile":null,"Type":0,"AspectRatio":null,"Index":3,"Score":null,"IsExternal":false,"DeliveryMethod":null,"DeliveryUrl":null,"IsExternalUrl":null,"IsTextSubtitleStream":false,"SupportsExternalStream":false,"Path":null,"PixelFormat":null,"Level":0,"IsAnamorphic":null},{"Codec":"subrip","CodecTag":null,"Language":"spa","ColorRange":null,"ColorSpace":null,"ColorTransfer":null,"ColorPrimaries":null,"DvVersionMajor":null,"DvVersionMinor":null,"DvProfile":null,"DvLevel":null,"RpuPresentFlag":null,"ElPresentFlag":null,"BlPresentFlag":null,"DvBlSignalCompatibilityId":null,"Rotation":null,"Comment":null,"TimeBase":"1/1000","CodecTimeBase":null,"Title":null,"Hdr10PlusPresentFlag":null,"VideoRange":0,"VideoRangeType":0,"VideoDoViTitle":null,"AudioSpatialFormat":0,"LocalizedUndefined":"Sin definir","LocalizedDefault":"Por defecto","LocalizedForced":"Forzado","LocalizedExternal":"Externo","LocalizedHearingImpaired":"Discapacidad auditiva","DisplayTitle":"Spanish - Por defecto - SUBRIP","NalLengthSize":null,"IsInterlaced":false,"IsAVC":false,"ChannelLayout":null,"BitRate":null,"BitDepth":null,"RefFrames":null,"PacketLength":null,"Channels":null,"SampleRate":null,"IsDefault":true,"IsForced":false,"IsHearingImpaired":false,"Height":0,"Width":0,"AverageFrameRate":null,"RealFrameRate":null,"ReferenceFrameRate":null,"Profile":null,"Type":2,"AspectRatio":null,"Index":4,"Score":null,"IsExternal":false,"DeliveryMethod":null,"DeliveryUrl":null,"IsExternalUrl":null,"IsTextSubtitleStream":true,"SupportsExternalStream":true,"Path":null,"PixelFormat":null,"Level":0,"IsAnamorphic":null},{"Codec":"DVDSUB","CodecTag":null,"Language":"eng","ColorRange":null,"ColorSpace":null,"ColorTransfer":null,"ColorPrimaries":null,"DvVersionMajor":null,"DvVersionMinor":null,"DvProfile":null,"DvLevel":null,"RpuPresentFlag":null,"ElPresentFlag":null,"BlPresentFlag":null,"DvBlSignalCompatibilityId":null,"Rotation":null,"Comment":null,"TimeBase":"1/1000","CodecTimeBase":null,"Title":null,"Hdr10PlusPresentFlag":null,"VideoRange":0,"VideoRangeType":0,"VideoDoViTitle":null,"AudioSpatialFormat":0,"LocalizedUndefined":"Sin definir","LocalizedDefault":"Por defecto","LocalizedForced":"Forzado","LocalizedExternal":"Externo","LocalizedHearingImpaired":"Discapacidad auditiva","DisplayTitle":"English - DVDSUB","NalLengthSize":null,"IsInterlaced":false,"IsAVC":false,"ChannelLayout":null,"BitRate":null,"BitDepth":null,"RefFrames":null,"PacketLength":null,"Channels":null,"SampleRate":null,"IsDefault":false,"IsForced":false,"IsHearingImpaired":false,"Height":1080,"Width":1920,"AverageFrameRate":null,"RealFrameRate":null,"ReferenceFrameRate":null,"Profile":null,"Type":2,"AspectRatio":null,"Index":5,"Score":null,"IsExternal":false,"DeliveryMethod":null,"DeliveryUrl":null,"IsExternalUrl":null,"IsTextSubtitleStream":false,"SupportsExternalStream":false,"Path":null,"PixelFormat":null,"Level":0,"IsAnamorphic":null}],"MediaAttachments":[],"Formats":[],"Bitrate":4011610,"FallbackMaxStreamingBitrate":null,"Timestamp":null,"RequiredHttpHeaders":{},"TranscodingUrl":null,"TranscodingSubProtocol":0,"TranscodingContainer":null,"AnalyzeDurationMs":null,"DefaultAudioStreamIndex":null,"DefaultSubtitleStreamIndex":null,"HasSegments":false}

/usr/lib/jellyfin-ffmpeg/ffmpeg -analyzeduration 200M -probesize 1G -ss 01:36:39.293 -noaccurate_seek -fflags +genpts  -i file:"/media/media/movies/Cowboy Bebop Knockin' on Heaven's Door (2001).mkv" -map_metadata -1 -map_chapters -1 -threads 0 -map 0:0 -map 0:1 -map -0:s -codec:v:0 copy -bsf:v h264_mp4toannexb -start_at_zero -codec:a:0 libfdk_aac -ac 2 -ab 256000 -af "volume=2" -copyts -avoid_negative_ts disabled -max_muxing_queue_size 2048 -f hls -max_delay 5000000 -hls_time 6 -hls_segment_type fmp4 -hls_fmp4_init_filename "79194f76063d4fe6610bdf61cdeef36a-1.mp4" -start_number 966 -hls_segment_filename "/cache/transcodes/79194f76063d4fe6610bdf61cdeef36a%d.mp4" -hls_playlist_type vod -hls_list_size 0 -hls_segment_options movflags=+frag_discont -y "/cache/transcodes/79194f76063d4fe6610bdf61cdeef36a.m3u8"


ffmpeg version 7.1.2-Jellyfin Copyright (c) 2000-2025 the FFmpeg developers
  built with gcc 14 (Debian 14.2.0-19)
  configuration: --prefix=/usr/lib/jellyfin-ffmpeg --target-os=linux --extra-version=Jellyfin --disable-doc --disable-ffplay --disable-static --disable-libxcb --disable-sdl2 --disable-xlib --enable-lto=auto --enable-gpl --enable-version3 --enable-shared --enable-gmp --enable-gnutls --enable-chromaprint --enable-opencl --enable-libdrm --enable-libxml2 --enable-libass --enable-libfreetype --enable-libfribidi --enable-libfontconfig --enable-libharfbuzz --enable-libbluray --enable-libmp3lame --enable-libopus --enable-libtheora --enable-libvorbis --enable-libopenmpt --enable-libdav1d --enable-libsvtav1 --enable-libwebp --enable-libvpx --enable-libx264 --enable-libx265 --enable-libzvbi --enable-libzimg --enable-libfdk-aac --arch=amd64 --enable-libshaderc --enable-libplacebo --enable-vulkan --enable-vaapi --enable-amf --enable-libvpl --enable-ffnvcodec --enable-cuda --enable-cuda-llvm --enable-cuvid --enable-nvdec --enable-nvenc
  libavutil      59. 39.100 / 59. 39.100
  libavcodec     61. 19.101 / 61. 19.101
  libavformat    61.  7.100 / 61.  7.100
  libavdevice    61.  3.100 / 61.  3.100
  libavfilter    10.  4.100 / 10.  4.100
  libswscale      8.  3.100 /  8.  3.100
  libswresample   5.  3.100 /  5.  3.100
  libpostproc    58.  3.100 / 58.  3.100
Input #0, matroska,webm, from 'file:/media/media/movies/Cowboy Bebop Knockin' on Heaven's Door (2001).mkv':
  Metadata:
    encoder         : libebml v1.3.3 + libmatroska v1.4.4
    creation_time   : 2019-01-23T19:40:05.000000Z
  Duration: 01:55:14.94, start: 0.000000, bitrate: 2859 kb/s
  Stream #0:0: Video: h264 (High), yuv420p(progressive), 1920x1080 [SAR 1:1 DAR 16:9], 23.98 fps, 23.98 tbr, 1k tbn (default)
      Metadata:
        BPS             : 1717192
        BPS-eng         : 1717192
        DURATION        : 01:55:11.405000000
        DURATION-eng    : 01:55:11.405000000
        NUMBER_OF_FRAMES: 165708
        NUMBER_OF_FRAMES-eng: 165708
        NUMBER_OF_BYTES : 1483526448
        NUMBER_OF_BYTES-eng: 1483526448
        _STATISTICS_WRITING_APP: mkvmerge v8.9.0 ('Father Daughter') 32bit
        _STATISTICS_WRITING_APP-eng: mkvmerge v8.9.0 ('Father Daughter') 32bit
        _STATISTICS_WRITING_DATE_UTC: 2019-01-23 19:40:05
        _STATISTICS_WRITING_DATE_UTC-eng: 2019-01-23 19:40:05
        _STATISTICS_TAGS: BPS DURATION NUMBER_OF_FRAMES NUMBER_OF_BYTES
        _STATISTICS_TAGS-eng: BPS DURATION NUMBER_OF_FRAMES NUMBER_OF_BYTES
  Stream #0:1(spa): Audio: ac3, 44100 Hz, 5.1(side), fltp, 384 kb/s (default)
      Metadata:
        BPS             : 383999
        BPS-eng         : 383999
        DURATION        : 01:50:49.696000000
        DURATION-eng    : 01:50:49.696000000
        NUMBER_OF_FRAMES: 190919
        NUMBER_OF_FRAMES-eng: 190919
        NUMBER_OF_BYTES : 319185396
        NUMBER_OF_BYTES-eng: 319185396
        _STATISTICS_WRITING_APP: mkvmerge v8.9.0 ('Father Daughter') 32bit
        _STATISTICS_WRITING_APP-eng: mkvmerge v8.9.0 ('Father Daughter') 32bit
        _STATISTICS_WRITING_DATE_UTC: 2019-01-23 19:40:05
        _STATISTICS_WRITING_DATE_UTC-eng: 2019-01-23 19:40:05
        _STATISTICS_TAGS: BPS DURATION NUMBER_OF_FRAMES NUMBER_OF_BYTES
        _STATISTICS_TAGS-eng: BPS DURATION NUMBER_OF_FRAMES NUMBER_OF_BYTES
  Stream #0:2(jpn): Audio: ac3, 44100 Hz, 5.1(side), fltp, 384 kb/s
      Metadata:
        BPS             : 384000
        BPS-eng         : 384000
        DURATION        : 01:55:11.477000000
        DURATION-eng    : 01:55:11.477000000
        NUMBER_OF_FRAMES: 198435
        NUMBER_OF_FRAMES-eng: 198435
        NUMBER_OF_BYTES : 331750922
        NUMBER_OF_BYTES-eng: 331750922
        _STATISTICS_WRITING_APP: mkvmerge v8.9.0 ('Father Daughter') 32bit
        _STATISTICS_WRITING_APP-eng: mkvmerge v8.9.0 ('Father Daughter') 32bit
        _STATISTICS_WRITING_DATE_UTC: 2019-01-23 19:40:05
        _STATISTICS_WRITING_DATE_UTC-eng: 2019-01-23 19:40:05
        _STATISTICS_TAGS: BPS DURATION NUMBER_OF_FRAMES NUMBER_OF_BYTES
        _STATISTICS_TAGS-eng: BPS DURATION NUMBER_OF_FRAMES NUMBER_OF_BYTES
  Stream #0:3(eng): Audio: ac3, 48000 Hz, stereo, fltp, 384 kb/s
      Metadata:
        BPS             : 384000
        BPS-eng         : 384000
        DURATION        : 01:55:14.944000000
        DURATION-eng    : 01:55:14.944000000
        NUMBER_OF_FRAMES: 216092
        NUMBER_OF_FRAMES-eng: 216092
        NUMBER_OF_BYTES : 331917312
        NUMBER_OF_BYTES-eng: 331917312
        _STATISTICS_WRITING_APP: mkvmerge v8.9.0 ('Father Daughter') 32bit
        _STATISTICS_WRITING_APP-eng: mkvmerge v8.9.0 ('Father Daughter') 32bit
        _STATISTICS_WRITING_DATE_UTC: 2019-01-23 19:40:05
        _STATISTICS_WRITING_DATE_UTC-eng: 2019-01-23 19:40:05
        _STATISTICS_TAGS: BPS DURATION NUMBER_OF_FRAMES NUMBER_OF_BYTES
        _STATISTICS_TAGS-eng: BPS DURATION NUMBER_OF_FRAMES NUMBER_OF_BYTES
  Stream #0:4(spa): Subtitle: subrip (srt) (default)
      Metadata:
        BPS             : 42
        BPS-eng         : 42
        DURATION        : 01:54:12.035000000
        DURATION-eng    : 01:54:12.035000000
        NUMBER_OF_FRAMES: 1050
        NUMBER_OF_FRAMES-eng: 1050
        NUMBER_OF_BYTES : 36083
        NUMBER_OF_BYTES-eng: 36083
        _STATISTICS_WRITING_APP: mkvmerge v8.9.0 ('Father Daughter') 32bit
        _STATISTICS_WRITING_APP-eng: mkvmerge v8.9.0 ('Father Daughter') 32bit
        _STATISTICS_WRITING_DATE_UTC: 2019-01-23 19:40:05
        _STATISTICS_WRITING_DATE_UTC-eng: 2019-01-23 19:40:05
        _STATISTICS_TAGS: BPS DURATION NUMBER_OF_FRAMES NUMBER_OF_BYTES
        _STATISTICS_TAGS-eng: BPS DURATION NUMBER_OF_FRAMES NUMBER_OF_BYTES
  Stream #0:5(eng): Subtitle: dvd_subtitle (dvdsub), 1920x1080
      Metadata:
        BPS             : 3790
        BPS-eng         : 3790
        DURATION        : 01:49:52.714000000
        DURATION-eng    : 01:49:52.714000000
        NUMBER_OF_FRAMES: 983
        NUMBER_OF_FRAMES-eng: 983
        NUMBER_OF_BYTES : 3123447
        NUMBER_OF_BYTES-eng: 3123447
        _STATISTICS_WRITING_APP: mkvmerge v8.9.0 ('Father Daughter') 32bit
        _STATISTICS_WRITING_APP-eng: mkvmerge v8.9.0 ('Father Daughter') 32bit
        _STATISTICS_WRITING_DATE_UTC: 2019-01-23 19:40:05
        _STATISTICS_WRITING_DATE_UTC-eng: 2019-01-23 19:40:05
        _STATISTICS_TAGS: BPS DURATION NUMBER_OF_FRAMES NUMBER_OF_BYTES
        _STATISTICS_TAGS-eng: BPS DURATION NUMBER_OF_FRAMES NUMBER_OF_BYTES
Stream mapping:
  Stream #0:0 -> #0:0 (copy)
  Stream #0:1 -> #0:1 (ac3 (native) -> aac (libfdk_aac))
Press [q] to stop, [?] for help
[hls @ 0x7a60fceb5900] Opening '/cache/transcodes/79194f76063d4fe6610bdf61cdeef36a-1.mp4' for writing
Output #0, hls, to '/cache/transcodes/79194f76063d4fe6610bdf61cdeef36a.m3u8':
  Metadata:
    encoder         : Lavf61.7.100
  Stream #0:0: Video: h264 (High), yuv420p(progressive), 1920x1080 [SAR 1:1 DAR 16:9], q=2-31, 23.98 fps, 23.98 tbr, 16k tbn (default)
  Stream #0:1: Audio: aac, 44100 Hz, stereo, s16, 256 kb/s (default)
      Metadata:
        encoder         : Lavc61.19.101 libfdk_aac
      Side data:
        cpb: bitrate max/min/avg: 256000/256000/256000 buffer size: 0 vbv_delay: N/A
[hls @ 0x7a60fceb5900] Opening '/cache/transcodes/79194f76063d4fe6610bdf61cdeef36a966.mp4' for writing
[hls @ 0x7a60fceb5900] Opening '/cache/transcodes/79194f76063d4fe6610bdf61cdeef36a967.mp4' for writing
[hls @ 0x7a60fceb5900] Opening '/cache/transcodes/79194f76063d4fe6610bdf61cdeef36a968.mp4' for writing
frame=  758 fps=0.0 q=-1.0 size=N/A time=00:00:00.00 bitrate=N/A speed=   0x    
[hls @ 0x7a60fceb5900] Opening '/cache/transcodes/79194f76063d4fe6610bdf61cdeef36a969.mp4' for writing
[hls @ 0x7a60fceb5900] Opening '/cache/transcodes/79194f76063d4fe6610bdf61cdeef36a970.mp4' for writing
[hls @ 0x7a60fceb5900] Opening '/cache/transcodes/79194f76063d4fe6610bdf61cdeef36a971.mp4' for writing
[hls @ 0x7a60fceb5900] Opening '/cache/transcodes/79194f76063d4fe6610bdf61cdeef36a972.mp4' for writing
[mp4 @ 0x7a60fa70a000] Packet duration: -13 / dts: 257662431 is out of range
[hls @ 0x7a60fceb5900] Opening '/cache/transcodes/79194f76063d4fe6610bdf61cdeef36a973.mp4' for writing
[hls @ 0x7a60fceb5900] Opening '/cache/transcodes/79194f76063d4fe6610bdf61cdeef36a974.mp4' for writing
[hls @ 0x7a60fceb5900] Opening '/cache/transcodes/79194f76063d4fe6610bdf61cdeef36a975.mp4' for writing
frame= 1523 fps=1522 q=-1.0 size=N/A time=00:00:31.83 bitrate=N/A speed=31.8x    
[hls @ 0x7a60fceb5900] Opening '/cache/transcodes/79194f76063d4fe6610bdf61cdeef36a976.mp4' for writing
[hls @ 0x7a60fceb5900] Opening '/cache/transcodes/79194f76063d4fe6610bdf61cdeef36a977.mp4' for writing
[hls @ 0x7a60fceb5900] Opening '/cache/transcodes/79194f76063d4fe6610bdf61cdeef36a978.mp4' for writing
[mp4 @ 0x7a60fa70a000] Packet duration: -22 / dts: 259247561 is out of range
[hls @ 0x7a60fceb5900] Opening '/cache/transcodes/79194f76063d4fe6610bdf61cdeef36a979.mp4' for writing
[hls @ 0x7a60fceb5900] Opening '/cache/transcodes/79194f76063d4fe6610bdf61cdeef36a980.mp4' for writing
frame= 2387 fps=1589 q=-1.0 size=N/A time=00:01:07.87 bitrate=N/A speed=45.2x    
[hls @ 0x7a60fceb5900] Opening '/cache/transcodes/79194f76063d4fe6610bdf61cdeef36a981.mp4' for writing
[hls @ 0x7a60fceb5900] Opening '/cache/transcodes/79194f76063d4fe6610bdf61cdeef36a982.mp4' for writing
[mp4 @ 0x7a60fa70a000] Packet duration: -14 / dts: 260318689 is out of range
[hls @ 0x7a60fceb5900] Opening '/cache/transcodes/79194f76063d4fe6610bdf61cdeef36a983.mp4' for writing
[mp4 @ 0x7a60fa70a000] Packet duration: -22 / dts: 260559316 is out of range
[hls @ 0x7a60fceb5900] Opening '/cache/transcodes/79194f76063d4fe6610bdf61cdeef36a984.mp4' for writing
[hls @ 0x7a60fceb5900] Opening '/cache/transcodes/79194f76063d4fe6610bdf61cdeef36a985.mp4' for writing
[hls @ 0x7a60fceb5900] Opening '/cache/transcodes/79194f76063d4fe6610bdf61cdeef36a986.mp4' for writing
[hls @ 0x7a60fceb5900] Opening '/cache/transcodes/79194f76063d4fe6610bdf61cdeef36a987.mp4' for writing
[mp4 @ 0x7a60fa70a000] Packet duration: -14 / dts: 261563870 is out of range
frame= 3249 fps=1623 q=-1.0 size=N/A time=00:01:44.00 bitrate=N/A speed=51.9x    
[hls @ 0x7a60fceb5900] Opening '/cache/transcodes/79194f76063d4fe6610bdf61cdeef36a988.mp4' for writing
[hls @ 0x7a60fceb5900] Opening '/cache/transcodes/79194f76063d4fe6610bdf61cdeef36a989.mp4' for writing
[hls @ 0x7a60fceb5900] Opening '/cache/transcodes/79194f76063d4fe6610bdf61cdeef36a990.mp4' for writing
[hls @ 0x7a60fceb5900] Opening '/cache/transcodes/79194f76063d4fe6610bdf61cdeef36a991.mp4' for writing
[hls @ 0x7a60fceb5900] Opening '/cache/transcodes/79194f76063d4fe6610bdf61cdeef36a992.mp4' for writing
frame= 4043 fps=1616 q=-1.0 size=N/A time=00:02:17.20 bitrate=N/A speed=54.8x    
[hls @ 0x7a60fceb5900] Opening '/cache/transcodes/79194f76063d4fe6610bdf61cdeef36a993.mp4' for writing
[hls @ 0x7a60fceb5900] Opening '/cache/transcodes/79194f76063d4fe6610bdf61cdeef36a994.mp4' for writing
[hls @ 0x7a60fceb5900] Opening '/cache/transcodes/79194f76063d4fe6610bdf61cdeef36a995.mp4' for writing
[hls @ 0x7a60fceb5900] Opening '/cache/transcodes/79194f76063d4fe6610bdf61cdeef36a996.mp4' for writing
[mp4 @ 0x7a60fa70a000] Packet duration: -14 / dts: 264327644 is out of range
[hls @ 0x7a60fceb5900] Opening '/cache/transcodes/79194f76063d4fe6610bdf61cdeef36a997.mp4' for writing
[hls @ 0x7a60fceb5900] Opening '/cache/transcodes/79194f76063d4fe6610bdf61cdeef36a998.mp4' for writing
frame= 4885 fps=1627 q=-1.0 size=N/A time=00:02:52.36 bitrate=N/A speed=57.4x    
[hls @ 0x7a60fceb5900] Opening '/cache/transcodes/79194f76063d4fe6610bdf61cdeef36a999.mp4' for writing
[hls @ 0x7a60fceb5900] Opening '/cache/transcodes/79194f76063d4fe6610bdf61cdeef36a1000.mp4' for writing
[hls @ 0x7a60fceb5900] Opening '/cache/transcodes/79194f76063d4fe6610bdf61cdeef36a1001.mp4' for writing
[hls @ 0x7a60fceb5900] Opening '/cache/transcodes/79194f76063d4fe6610bdf61cdeef36a1002.mp4' for writing
[hls @ 0x7a60fceb5900] Opening '/cache/transcodes/79194f76063d4fe6610bdf61cdeef36a1003.mp4' for writing
[mp4 @ 0x7a60fa70a000] Packet duration: -14 / dts: 266198498 is out of range
[hls @ 0x7a60fceb5900] Opening '/cache/transcodes/79194f76063d4fe6610bdf61cdeef36a1004.mp4' for writing
[hls @ 0x7a60fceb5900] Opening '/cache/transcodes/79194f76063d4fe6610bdf61cdeef36a1005.mp4' for writing
frame= 5937 fps=1695 q=-1.0 size=N/A time=00:03:36.13 bitrate=N/A speed=61.7x    
[hls @ 0x7a60fceb5900] Opening '/cache/transcodes/79194f76063d4fe6610bdf61cdeef36a1006.mp4' for writing
[hls @ 0x7a60fceb5900] Opening '/cache/transcodes/79194f76063d4fe6610bdf61cdeef36a1007.mp4' for writing
[hls @ 0x7a60fceb5900] Opening '/cache/transcodes/79194f76063d4fe6610bdf61cdeef36a1008.mp4' for writing
[hls @ 0x7a60fceb5900] Opening '/cache/transcodes/79194f76063d4fe6610bdf61cdeef36a1009.mp4' for writing
[hls @ 0x7a60fceb5900] Opening '/cache/transcodes/79194f76063d4fe6610bdf61cdeef36a1010.mp4' for writing
[hls @ 0x7a60fceb5900] Opening '/cache/transcodes/79194f76063d4fe6610bdf61cdeef36a1011.mp4' for writing
[mp4 @ 0x7a60fa70a000] Packet duration: -13 / dts: 268069352 is out of range
[hls @ 0x7a60fceb5900] Opening '/cache/transcodes/79194f76063d4fe6610bdf61cdeef36a1012.mp4' for writing
[hls @ 0x7a60fceb5900] Opening '/cache/transcodes/79194f76063d4fe6610bdf61cdeef36a1013.mp4' for writing
frame= 6999 fps=1748 q=-1.0 size=N/A time=00:04:20.43 bitrate=N/A speed=65.1x    
[hls @ 0x7a60fceb5900] Opening '/cache/transcodes/79194f76063d4fe6610bdf61cdeef36a1014.mp4' for writing
[hls @ 0x7a60fceb5900] Opening '/cache/transcodes/79194f76063d4fe6610bdf61cdeef36a1015.mp4' for writing
[hls @ 0x7a60fceb5900] Opening '/cache/transcodes/79194f76063d4fe6610bdf61cdeef36a1016.mp4' for writing
[hls @ 0x7a60fceb5900] Opening '/cache/transcodes/79194f76063d4fe6610bdf61cdeef36a1017.mp4' for writing
[mp4 @ 0x7a60fa70a000] Packet duration: -14 / dts: 269691350 is out of range
[hls @ 0x7a60fceb5900] Opening '/cache/transcodes/79194f76063d4fe6610bdf61cdeef36a1018.mp4' for writing


[q] command received. Exiting.

[hls @ 0x7a60fceb5900] Opening '/cache/transcodes/79194f76063d4fe6610bdf61cdeef36a1019.mp4' for writing
[hls @ 0x7a60fceb5900] Opening '/cache/transcodes/79194f76063d4fe6610bdf61cdeef36a1020.mp4' for writing
[out#0/hls @ 0x7a60fce81580] video:84855KiB audio:10255KiB subtitle:0KiB other streams:0KiB global headers:0KiB muxing overhead: unknown
frame= 7864 fps=1742 q=-1.0 Lsize=N/A time=00:04:56.67 bitrate=N/A speed=65.7x    