{"Protocol":0,"Id":"0009470daa64151f34a9731e27b9941c","Path":"/media/media/series/welcome to derry S1 E5.mkv","EncoderPath":null,"EncoderProtocol":null,"Type":0,"Container":"mkv","Size":4002963625,"Name":"welcome to derry S1 E5","IsRemote":false,"ETag":"fc3a04d8c6743504eccd44c56fc27097","RunTimeTicks":33201600000,"ReadAtNativeFramerate":false,"IgnoreDts":false,"IgnoreIndex":false,"GenPtsInput":false,"SupportsTranscoding":true,"SupportsDirectStream":true,"SupportsDirectPlay":true,"IsInfiniteStream":false,"UseMostCompatibleTranscodingProfile":false,"RequiresOpening":false,"OpenToken":null,"RequiresClosing":false,"LiveStreamId":null,"BufferMs":null,"RequiresLooping":false,"SupportsProbing":true,"VideoType":0,"IsoType":null,"Video3DFormat":null,"MediaStreams":[{"Codec":"h264","CodecTag":null,"Language":null,"ColorRange":null,"ColorSpace":"bt709","ColorTransfer":"bt709","ColorPrimaries":"bt709","DvVersionMajor":null,"DvVersionMinor":null,"DvProfile":null,"DvLevel":null,"RpuPresentFlag":null,"ElPresentFlag":null,"BlPresentFlag":null,"DvBlSignalCompatibilityId":null,"Rotation":null,"Comment":null,"TimeBase":"1/1000","CodecTimeBase":null,"Title":"ZonaLeRos","Hdr10PlusPresentFlag":null,"VideoRange":1,"VideoRangeType":1,"VideoDoViTitle":null,"AudioSpatialFormat":0,"LocalizedUndefined":null,"LocalizedDefault":null,"LocalizedForced":null,"LocalizedExternal":null,"LocalizedHearingImpaired":null,"DisplayTitle":"ZonaLeRos - 1080p - H264 - SDR","NalLengthSize":"4","IsInterlaced":false,"IsAVC":true,"ChannelLayout":null,"BitRate":9645230,"BitDepth":8,"RefFrames":1,"PacketLength":null,"Channels":null,"SampleRate":null,"IsDefault":true,"IsForced":false,"IsHearingImpaired":false,"Height":1080,"Width":1920,"AverageFrameRate":23.976025,"RealFrameRate":23.976025,"ReferenceFrameRate":23.976025,"Profile":"High","Type":1,"AspectRatio":"16:9","Index":0,"Score":null,"IsExternal":false,"DeliveryMethod":null,"DeliveryUrl":null,"IsExternalUrl":null,"IsTextSubtitleStream":false,"SupportsExternalStream":false,"Path":null,"PixelFormat":"yuv420p","Level":40,"IsAnamorphic":false},{"Codec":"ac3","CodecTag":null,"Language":"spa","ColorRange":null,"ColorSpace":null,"ColorTransfer":null,"ColorPrimaries":null,"DvVersionMajor":null,"DvVersionMinor":null,"DvProfile":null,"DvLevel":null,"RpuPresentFlag":null,"ElPresentFlag":null,"BlPresentFlag":null,"DvBlSignalCompatibilityId":null,"Rotation":null,"Comment":null,"TimeBase":"1/1000","CodecTimeBase":null,"Title":"Audio Latino","Hdr10PlusPresentFlag":null,"VideoRange":0,"VideoRangeType":0,"VideoDoViTitle":null,"AudioSpatialFormat":0,"LocalizedUndefined":null,"LocalizedDefault":"Por defecto","LocalizedForced":null,"LocalizedExternal":"Externo","LocalizedHearingImpaired":null,"DisplayTitle":"Audio Latino - Spanish - Dolby Digital - 5.1 - Por defecto","NalLengthSize":null,"IsInterlaced":false,"IsAVC":false,"ChannelLayout":"5.1","BitRate":384000,"BitDepth":null,"RefFrames":null,"PacketLength":null,"Channels":6,"SampleRate":48000,"IsDefault":true,"IsForced":false,"IsHearingImpaired":false,"Height":null,"Width":null,"AverageFrameRate":null,"RealFrameRate":null,"ReferenceFrameRate":null,"Profile":null,"Type":0,"AspectRatio":null,"Index":1,"Score":null,"IsExternal":false,"DeliveryMethod":null,"DeliveryUrl":null,"IsExternalUrl":null,"IsTextSubtitleStream":false,"SupportsExternalStream":false,"Path":null,"PixelFormat":null,"Level":0,"IsAnamorphic":null},{"Codec":"ac3","CodecTag":null,"Language":"eng","ColorRange":null,"ColorSpace":null,"ColorTransfer":null,"ColorPrimaries":null,"DvVersionMajor":null,"DvVersionMinor":null,"DvProfile":null,"DvLevel":null,"RpuPresentFlag":null,"ElPresentFlag":null,"BlPresentFlag":null,"DvBlSignalCompatibilityId":null,"Rotation":null,"Comment":null,"TimeBase":"1/1000","CodecTimeBase":null,"Title":"Audio Ingl\u00E9s","Hdr10PlusPresentFlag":null,"VideoRange":0,"VideoRangeType":0,"VideoDoViTitle":null,"AudioSpatialFormat":0,"LocalizedUndefined":null,"LocalizedDefault":"Por defecto","LocalizedForced":null,"LocalizedExternal":"Externo","LocalizedHearingImpaired":null,"DisplayTitle":"Audio Ingl\u00E9s - English - Dolby Digital - 5.1","NalLengthSize":null,"IsInterlaced":false,"IsAVC":false,"ChannelLayout":"5.1","BitRate":448000,"BitDepth":null,"RefFrames":null,"PacketLength":null,"Channels":6,"SampleRate":48000,"IsDefault":false,"IsForced":false,"IsHearingImpaired":false,"Height":null,"Width":null,"AverageFrameRate":null,"RealFrameRate":null,"ReferenceFrameRate":null,"Profile":null,"Type":0,"AspectRatio":null,"Index":2,"Score":null,"IsExternal":false,"DeliveryMethod":null,"DeliveryUrl":null,"IsExternalUrl":null,"IsTextSubtitleStream":false,"SupportsExternalStream":false,"Path":null,"PixelFormat":null,"Level":0,"IsAnamorphic":null},{"Codec":"subrip","CodecTag":null,"Language":"spa","ColorRange":null,"ColorSpace":null,"ColorTransfer":null,"ColorPrimaries":null,"DvVersionMajor":null,"DvVersionMinor":null,"DvProfile":null,"DvLevel":null,"RpuPresentFlag":null,"ElPresentFlag":null,"BlPresentFlag":null,"DvBlSignalCompatibilityId":null,"Rotation":null,"Comment":null,"TimeBase":"1/1000","CodecTimeBase":null,"Title":"Forzados","Hdr10PlusPresentFlag":null,"VideoRange":0,"VideoRangeType":0,"VideoDoViTitle":null,"AudioSpatialFormat":0,"LocalizedUndefined":"Sin definir","LocalizedDefault":"Por defecto","LocalizedForced":"Forzado","LocalizedExternal":"Externo","LocalizedHearingImpaired":"Discapacidad auditiva","DisplayTitle":"Forzados - Spanish - Por defecto - SUBRIP","NalLengthSize":null,"IsInterlaced":false,"IsAVC":false,"ChannelLayout":null,"BitRate":null,"BitDepth":null,"RefFrames":null,"PacketLength":null,"Channels":null,"SampleRate":null,"IsDefault":true,"IsForced":false,"IsHearingImpaired":false,"Height":0,"Width":0,"AverageFrameRate":null,"RealFrameRate":null,"ReferenceFrameRate":null,"Profile":null,"Type":2,"AspectRatio":null,"Index":3,"Score":null,"IsExternal":false,"DeliveryMethod":null,"DeliveryUrl":null,"IsExternalUrl":null,"IsTextSubtitleStream":true,"SupportsExternalStream":true,"Path":null,"PixelFormat":null,"Level":0,"IsAnamorphic":null},{"Codec":"subrip","CodecTag":null,"Language":"spa","ColorRange":null,"ColorSpace":null,"ColorTransfer":null,"ColorPrimaries":null,"DvVersionMajor":null,"DvVersionMinor":null,"DvProfile":null,"DvLevel":null,"RpuPresentFlag":null,"ElPresentFlag":null,"BlPresentFlag":null,"DvBlSignalCompatibilityId":null,"Rotation":null,"Comment":null,"TimeBase":"1/1000","CodecTimeBase":null,"Title":"Espa\u00F1ol","Hdr10PlusPresentFlag":null,"VideoRange":0,"VideoRangeType":0,"VideoDoViTitle":null,"AudioSpatialFormat":0,"LocalizedUndefined":"Sin definir","LocalizedDefault":"Por defecto","LocalizedForced":"Forzado","LocalizedExternal":"Externo","LocalizedHearingImpaired":"Discapacidad auditiva","DisplayTitle":"Espa\u00F1ol - Spanish - SUBRIP","NalLengthSize":null,"IsInterlaced":false,"IsAVC":false,"ChannelLayout":null,"BitRate":null,"BitDepth":null,"RefFrames":null,"PacketLength":null,"Channels":null,"SampleRate":null,"IsDefault":false,"IsForced":false,"IsHearingImpaired":false,"Height":0,"Width":0,"AverageFrameRate":null,"RealFrameRate":null,"ReferenceFrameRate":null,"Profile":null,"Type":2,"AspectRatio":null,"Index":4,"Score":null,"IsExternal":false,"DeliveryMethod":null,"DeliveryUrl":null,"IsExternalUrl":null,"IsTextSubtitleStream":true,"SupportsExternalStream":true,"Path":null,"PixelFormat":null,"Level":0,"IsAnamorphic":null},{"Codec":"subrip","CodecTag":null,"Language":"eng","ColorRange":null,"ColorSpace":null,"ColorTransfer":null,"ColorPrimaries":null,"DvVersionMajor":null,"DvVersionMinor":null,"DvProfile":null,"DvLevel":null,"RpuPresentFlag":null,"ElPresentFlag":null,"BlPresentFlag":null,"DvBlSignalCompatibilityId":null,"Rotation":null,"Comment":null,"TimeBase":"1/1000","CodecTimeBase":null,"Title":"Ingl\u00E9s","Hdr10PlusPresentFlag":null,"VideoRange":0,"VideoRangeType":0,"VideoDoViTitle":null,"AudioSpatialFormat":0,"LocalizedUndefined":"Sin definir","LocalizedDefault":"Por defecto","LocalizedForced":"Forzado","LocalizedExternal":"Externo","LocalizedHearingImpaired":"Discapacidad auditiva","DisplayTitle":"Ingl\u00E9s - English - SUBRIP","NalLengthSize":null,"IsInterlaced":false,"IsAVC":false,"ChannelLayout":null,"BitRate":null,"BitDepth":null,"RefFrames":null,"PacketLength":null,"Channels":null,"SampleRate":null,"IsDefault":false,"IsForced":false,"IsHearingImpaired":false,"Height":0,"Width":0,"AverageFrameRate":null,"RealFrameRate":null,"ReferenceFrameRate":null,"Profile":null,"Type":2,"AspectRatio":null,"Index":5,"Score":null,"IsExternal":false,"DeliveryMethod":null,"DeliveryUrl":null,"IsExternalUrl":null,"IsTextSubtitleStream":true,"SupportsExternalStream":true,"Path":null,"PixelFormat":null,"Level":0,"IsAnamorphic":null}],"MediaAttachments":[],"Formats":[],"Bitrate":10477230,"FallbackMaxStreamingBitrate":null,"Timestamp":null,"RequiredHttpHeaders":{},"TranscodingUrl":null,"TranscodingSubProtocol":0,"TranscodingContainer":null,"AnalyzeDurationMs":null,"DefaultAudioStreamIndex":null,"DefaultSubtitleStreamIndex":null,"HasSegments":false}

/usr/lib/jellyfin-ffmpeg/ffmpeg -analyzeduration 200M -probesize 1G -fflags +genpts  -i file:"/media/media/series/welcome to derry S1 E5.mkv" -map_metadata -1 -map_chapters -1 -threads 0 -map 0:0 -map 0:1 -map -0:s -codec:v:0 copy -bsf:v h264_mp4toannexb -start_at_zero -codec:a:0 libfdk_aac -ac 2 -ab 256000 -af "volume=2" -copyts -avoid_negative_ts disabled -max_muxing_queue_size 2048 -f hls -max_delay 5000000 -hls_time 6 -hls_segment_type fmp4 -hls_fmp4_init_filename "92e4e5e992e7c3d4d085b89b70c0d80b-1.mp4" -start_number 0 -hls_segment_filename "/cache/transcodes/92e4e5e992e7c3d4d085b89b70c0d80b%d.mp4" -hls_playlist_type vod -hls_list_size 0 -hls_segment_options movflags=+frag_discont -y "/cache/transcodes/92e4e5e992e7c3d4d085b89b70c0d80b.m3u8"


ffmpeg version 7.1.2-Jellyfin Copyright (c) 2000-2025 the FFmpeg developers
  built with gcc 14 (Debian 14.2.0-19)
  configuration: --prefix=/usr/lib/jellyfin-ffmpeg --target-os=linux --extra-version=Jellyfin --disable-doc --disable-ffplay --disable-static --disable-libxcb --disable-sdl2 --disable-xlib --enable-lto=auto --enable-gpl --enable-version3 --enable-shared --enable-gmp --enable-gnutls --enable-chromaprint --enable-opencl --enable-libdrm --enable-libxml2 --enable-libass --enable-libfreetype --enable-libfribidi --enable-libfontconfig --enable-libharfbuzz --enable-libbluray --enable-libmp3lame --enable-libopus --enable-libtheora --enable-libvorbis --enable-libopenmpt --enable-libdav1d --enable-libsvtav1 --enable-libwebp --enable-libvpx --enable-libx264 --enable-libx265 --enable-libzvbi --enable-libzimg --enable-libfdk-aac --arch=amd64 --enable-libshaderc --enable-libplacebo --enable-vulkan --enable-vaapi --enable-amf --enable-libvpl --enable-ffnvcodec --enable-cuda --enable-cuda-llvm --enable-cuvid --enable-nvdec --enable-nvenc
  libavutil      59. 39.100 / 59. 39.100
  libavcodec     61. 19.101 / 61. 19.101
  libavformat    61.  7.100 / 61.  7.100
  libavdevice    61.  3.100 / 61.  3.100
  libavfilter    10.  4.100 / 10.  4.100
  libswscale      8.  3.100 /  8.  3.100
  libswresample   5.  3.100 /  5.  3.100
  libpostproc    58.  3.100 / 58.  3.100
Input #0, matroska,webm, from 'file:/media/media/series/welcome to derry S1 E5.mkv':
  Metadata:
    title           : ZonaLeRos
    encoder         : libebml v1.3.6 + libmatroska v1.4.9
    creation_time   : 2025-11-24T02:39:36.000000Z
  Duration: 00:55:20.16, start: 0.000000, bitrate: 9645 kb/s
  Stream #0:0: Video: h264 (High), yuv420p(tv, bt709, progressive), 1920x1080 [SAR 1:1 DAR 16:9], 23.98 fps, 23.98 tbr, 1k tbn (default)
      Metadata:
        title           : ZonaLeRos
        BPS-eng         : 8810869
        DURATION-eng    : 00:55:20.109000000
        NUMBER_OF_FRAMES-eng: 79603
        NUMBER_OF_BYTES-eng: 3656630722
        _STATISTICS_WRITING_APP-eng: mkvmerge v27.0.0 ('Metropolis') 64-bit
        _STATISTICS_WRITING_DATE_UTC-eng: 2025-11-24 02:39:36
        _STATISTICS_TAGS-eng: BPS DURATION NUMBER_OF_FRAMES NUMBER_OF_BYTES
  Stream #0:1(spa): Audio: ac3, 48000 Hz, 5.1(side), fltp, 384 kb/s (default)
      Metadata:
        title           : Audio Latino
        BPS-eng         : 384000
        DURATION-eng    : 00:55:20.160000000
        NUMBER_OF_FRAMES-eng: 103755
        NUMBER_OF_BYTES-eng: 159367680
        _STATISTICS_WRITING_APP-eng: mkvmerge v27.0.0 ('Metropolis') 64-bit
        _STATISTICS_WRITING_DATE_UTC-eng: 2025-11-24 02:39:36
        _STATISTICS_TAGS-eng: BPS DURATION NUMBER_OF_FRAMES NUMBER_OF_BYTES
  Stream #0:2(eng): Audio: ac3, 48000 Hz, 5.1(side), fltp, 448 kb/s
      Metadata:
        title           : Audio Inglés
        BPS-eng         : 448000
        DURATION-eng    : 00:55:20.128000000
        NUMBER_OF_FRAMES-eng: 103754
        NUMBER_OF_BYTES-eng: 185927168
        _STATISTICS_WRITING_APP-eng: mkvmerge v27.0.0 ('Metropolis') 64-bit
        _STATISTICS_WRITING_DATE_UTC-eng: 2025-11-24 02:39:36
        _STATISTICS_TAGS-eng: BPS DURATION NUMBER_OF_FRAMES NUMBER_OF_BYTES
  Stream #0:3(spa): Subtitle: subrip (srt) (default)
      Metadata:
        title           : Forzados
        BPS-eng         : 1
        DURATION-eng    : 00:14:33.873000000
        NUMBER_OF_FRAMES-eng: 4
        NUMBER_OF_BYTES-eng: 142
        _STATISTICS_WRITING_APP-eng: mkvmerge v27.0.0 ('Metropolis') 64-bit
        _STATISTICS_WRITING_DATE_UTC-eng: 2025-11-24 02:39:36
        _STATISTICS_TAGS-eng: BPS DURATION NUMBER_OF_FRAMES NUMBER_OF_BYTES
  Stream #0:4(spa): Subtitle: subrip (srt)
      Metadata:
        title           : Español
        BPS-eng         : 49
        DURATION-eng    : 00:52:46.538000000
        NUMBER_OF_FRAMES-eng: 699
        NUMBER_OF_BYTES-eng: 19513
        _STATISTICS_WRITING_APP-eng: mkvmerge v27.0.0 ('Metropolis') 64-bit
        _STATISTICS_WRITING_DATE_UTC-eng: 2025-11-24 02:39:36
        _STATISTICS_TAGS-eng: BPS DURATION NUMBER_OF_FRAMES NUMBER_OF_BYTES
  Stream #0:5(eng): Subtitle: subrip (srt)
      Metadata:
        title           : Inglés
        BPS-eng         : 50
        DURATION-eng    : 00:52:46.705000000
        NUMBER_OF_FRAMES-eng: 703
        NUMBER_OF_BYTES-eng: 19970
        _STATISTICS_WRITING_APP-eng: mkvmerge v27.0.0 ('Metropolis') 64-bit
        _STATISTICS_WRITING_DATE_UTC-eng: 2025-11-24 02:39:36
        _STATISTICS_TAGS-eng: BPS DURATION NUMBER_OF_FRAMES NUMBER_OF_BYTES
Stream mapping:
  Stream #0:0 -> #0:0 (copy)
  Stream #0:1 -> #0:1 (ac3 (native) -> aac (libfdk_aac))
Press [q] to stop, [?] for help
[hls @ 0x7c62976b5b80] Opening '/cache/transcodes/92e4e5e992e7c3d4d085b89b70c0d80b-1.mp4' for writing
Output #0, hls, to '/cache/transcodes/92e4e5e992e7c3d4d085b89b70c0d80b.m3u8':
  Metadata:
    encoder         : Lavf61.7.100
  Stream #0:0: Video: h264 (High), yuv420p(tv, bt709, progressive), 1920x1080 [SAR 1:1 DAR 16:9], q=2-31, 23.98 fps, 23.98 tbr, 16k tbn (default)
  Stream #0:1: Audio: aac, 48000 Hz, stereo, s16, 256 kb/s (default)
      Metadata:
        encoder         : Lavc61.19.101 libfdk_aac
      Side data:
        cpb: bitrate max/min/avg: 256000/256000/256000 buffer size: 0 vbv_delay: N/A
[hls @ 0x7c62976b5b80] Opening '/cache/transcodes/92e4e5e992e7c3d4d085b89b70c0d80b0.mp4' for writing
[hls @ 0x7c62976b5b80] Opening '/cache/transcodes/92e4e5e992e7c3d4d085b89b70c0d80b1.mp4' for writing
[hls @ 0x7c62976b5b80] Opening '/cache/transcodes/92e4e5e992e7c3d4d085b89b70c0d80b2.mp4' for writing
frame=  558 fps=0.0 q=-1.0 size=N/A time=00:00:00.00 bitrate=N/A speed=   0x    
[hls @ 0x7c62976b5b80] Opening '/cache/transcodes/92e4e5e992e7c3d4d085b89b70c0d80b3.mp4' for writing
[hls @ 0x7c62976b5b80] Opening '/cache/transcodes/92e4e5e992e7c3d4d085b89b70c0d80b4.mp4' for writing
[hls @ 0x7c62976b5b80] Opening '/cache/transcodes/92e4e5e992e7c3d4d085b89b70c0d80b5.mp4' for writing
frame=  941 fps=940 q=-1.0 size=N/A time=00:00:16.02 bitrate=N/A speed=  16x    
[hls @ 0x7c62976b5b80] Opening '/cache/transcodes/92e4e5e992e7c3d4d085b89b70c0d80b6.mp4' for writing
[hls @ 0x7c62976b5b80] Opening '/cache/transcodes/92e4e5e992e7c3d4d085b89b70c0d80b7.mp4' for writing
[hls @ 0x7c62976b5b80] Opening '/cache/transcodes/92e4e5e992e7c3d4d085b89b70c0d80b8.mp4' for writing
frame= 1416 fps=943 q=-1.0 size=N/A time=00:00:35.69 bitrate=N/A speed=23.8x    
[hls @ 0x7c62976b5b80] Opening '/cache/transcodes/92e4e5e992e7c3d4d085b89b70c0d80b9.mp4' for writing
[hls @ 0x7c62976b5b80] Opening '/cache/transcodes/92e4e5e992e7c3d4d085b89b70c0d80b10.mp4' for writing
[hls @ 0x7c62976b5b80] Opening '/cache/transcodes/92e4e5e992e7c3d4d085b89b70c0d80b11.mp4' for writing
[hls @ 0x7c62976b5b80] Opening '/cache/transcodes/92e4e5e992e7c3d4d085b89b70c0d80b12.mp4' for writing
frame= 1921 fps=960 q=-1.0 size=N/A time=00:00:56.83 bitrate=N/A speed=28.4x    
[hls @ 0x7c62976b5b80] Opening '/cache/transcodes/92e4e5e992e7c3d4d085b89b70c0d80b13.mp4' for writing
[hls @ 0x7c62976b5b80] Opening '/cache/transcodes/92e4e5e992e7c3d4d085b89b70c0d80b14.mp4' for writing
[hls @ 0x7c62976b5b80] Opening '/cache/transcodes/92e4e5e992e7c3d4d085b89b70c0d80b15.mp4' for writing
[hls @ 0x7c62976b5b80] Opening '/cache/transcodes/92e4e5e992e7c3d4d085b89b70c0d80b16.mp4' for writing
frame= 2479 fps=991 q=-1.0 size=N/A time=00:01:19.89 bitrate=N/A speed=31.9x    
[hls @ 0x7c62976b5b80] Opening '/cache/transcodes/92e4e5e992e7c3d4d085b89b70c0d80b17.mp4' for writing
[hls @ 0x7c62976b5b80] Opening '/cache/transcodes/92e4e5e992e7c3d4d085b89b70c0d80b18.mp4' for writing
[hls @ 0x7c62976b5b80] Opening '/cache/transcodes/92e4e5e992e7c3d4d085b89b70c0d80b19.mp4' for writing
[hls @ 0x7c62976b5b80] Opening '/cache/transcodes/92e4e5e992e7c3d4d085b89b70c0d80b20.mp4' for writing
frame= 3037 fps=1010 q=-1.0 size=N/A time=00:01:43.16 bitrate=N/A speed=34.3x    
[hls @ 0x7c62976b5b80] Opening '/cache/transcodes/92e4e5e992e7c3d4d085b89b70c0d80b21.mp4' for writing
[hls @ 0x7c62976b5b80] Opening '/cache/transcodes/92e4e5e992e7c3d4d085b89b70c0d80b22.mp4' for writing
[hls @ 0x7c62976b5b80] Opening '/cache/transcodes/92e4e5e992e7c3d4d085b89b70c0d80b23.mp4' for writing
[hls @ 0x7c62976b5b80] Opening '/cache/transcodes/92e4e5e992e7c3d4d085b89b70c0d80b24.mp4' for writing
frame= 3623 fps=1033 q=-1.0 size=N/A time=00:02:07.80 bitrate=N/A speed=36.5x    
[hls @ 0x7c62976b5b80] Opening '/cache/transcodes/92e4e5e992e7c3d4d085b89b70c0d80b25.mp4' for writing
[hls @ 0x7c62976b5b80] Opening '/cache/transcodes/92e4e5e992e7c3d4d085b89b70c0d80b26.mp4' for writing
[hls @ 0x7c62976b5b80] Opening '/cache/transcodes/92e4e5e992e7c3d4d085b89b70c0d80b27.mp4' for writing
frame= 4121 fps=1029 q=-1.0 size=N/A time=00:02:28.39 bitrate=N/A speed=  37x    
[hls @ 0x7c62976b5b80] Opening '/cache/transcodes/92e4e5e992e7c3d4d085b89b70c0d80b28.mp4' for writing
[hls @ 0x7c62976b5b80] Opening '/cache/transcodes/92e4e5e992e7c3d4d085b89b70c0d80b29.mp4' for writing
[hls @ 0x7c62976b5b80] Opening '/cache/transcodes/92e4e5e992e7c3d4d085b89b70c0d80b30.mp4' for writing
frame= 4513 fps=1001 q=-1.0 size=N/A time=00:02:44.80 bitrate=N/A speed=36.6x    
[hls @ 0x7c62976b5b80] Opening '/cache/transcodes/92e4e5e992e7c3d4d085b89b70c0d80b31.mp4' for writing
[hls @ 0x7c62976b5b80] Opening '/cache/transcodes/92e4e5e992e7c3d4d085b89b70c0d80b32.mp4' for writing
[hls @ 0x7c62976b5b80] Opening '/cache/transcodes/92e4e5e992e7c3d4d085b89b70c0d80b33.mp4' for writing
frame= 5025 fps=1004 q=-1.0 size=N/A time=00:03:06.11 bitrate=N/A speed=37.2x    
[hls @ 0x7c62976b5b80] Opening '/cache/transcodes/92e4e5e992e7c3d4d085b89b70c0d80b34.mp4' for writing
[hls @ 0x7c62976b5b80] Opening '/cache/transcodes/92e4e5e992e7c3d4d085b89b70c0d80b35.mp4' for writing
[hls @ 0x7c62976b5b80] Opening '/cache/transcodes/92e4e5e992e7c3d4d085b89b70c0d80b36.mp4' for writing
[hls @ 0x7c62976b5b80] Opening '/cache/transcodes/92e4e5e992e7c3d4d085b89b70c0d80b37.mp4' for writing
frame= 5527 fps=1004 q=-1.0 size=N/A time=00:03:27.12 bitrate=N/A speed=37.6x    
[hls @ 0x7c62976b5b80] Opening '/cache/transcodes/92e4e5e992e7c3d4d085b89b70c0d80b38.mp4' for writing
[hls @ 0x7c62976b5b80] Opening '/cache/transcodes/92e4e5e992e7c3d4d085b89b70c0d80b39.mp4' for writing
[hls @ 0x7c62976b5b80] Opening '/cache/transcodes/92e4e5e992e7c3d4d085b89b70c0d80b40.mp4' for writing
frame= 5994 fps=998 q=-1.0 size=N/A time=00:03:46.77 bitrate=N/A speed=37.7x    
[hls @ 0x7c62976b5b80] Opening '/cache/transcodes/92e4e5e992e7c3d4d085b89b70c0d80b41.mp4' for writing
[hls @ 0x7c62976b5b80] Opening '/cache/transcodes/92e4e5e992e7c3d4d085b89b70c0d80b42.mp4' for writing
[hls @ 0x7c62976b5b80] Opening '/cache/transcodes/92e4e5e992e7c3d4d085b89b70c0d80b43.mp4' for writing
[hls @ 0x7c62976b5b80] Opening '/cache/transcodes/92e4e5e992e7c3d4d085b89b70c0d80b44.mp4' for writing
frame= 6617 fps=1016 q=-1.0 size=N/A time=00:04:12.73 bitrate=N/A speed=38.8x    
[hls @ 0x7c62976b5b80] Opening '/cache/transcodes/92e4e5e992e7c3d4d085b89b70c0d80b45.mp4' for writing
[hls @ 0x7c62976b5b80] Opening '/cache/transcodes/92e4e5e992e7c3d4d085b89b70c0d80b46.mp4' for writing
[hls @ 0x7c62976b5b80] Opening '/cache/transcodes/92e4e5e992e7c3d4d085b89b70c0d80b47.mp4' for writing
[hls @ 0x7c62976b5b80] Opening '/cache/transcodes/92e4e5e992e7c3d4d085b89b70c0d80b48.mp4' for writing
frame= 7073 fps=1009 q=-1.0 size=N/A time=00:04:31.74 bitrate=N/A speed=38.8x    
[hls @ 0x7c62976b5b80] Opening '/cache/transcodes/92e4e5e992e7c3d4d085b89b70c0d80b49.mp4' for writing
[hls @ 0x7c62976b5b80] Opening '/cache/transcodes/92e4e5e992e7c3d4d085b89b70c0d80b50.mp4' for writing
[hls @ 0x7c62976b5b80] Opening '/cache/transcodes/92e4e5e992e7c3d4d085b89b70c0d80b51.mp4' for writing
frame= 7633 fps=1016 q=-1.0 size=N/A time=00:04:55.06 bitrate=N/A speed=39.3x    
[hls @ 0x7c62976b5b80] Opening '/cache/transcodes/92e4e5e992e7c3d4d085b89b70c0d80b52.mp4' for writing
[hls @ 0x7c62976b5b80] Opening '/cache/transcodes/92e4e5e992e7c3d4d085b89b70c0d80b53.mp4' for writing
[hls @ 0x7c62976b5b80] Opening '/cache/transcodes/92e4e5e992e7c3d4d085b89b70c0d80b54.mp4' for writing
[hls @ 0x7c62976b5b80] Opening '/cache/transcodes/92e4e5e992e7c3d4d085b89b70c0d80b55.mp4' for writing
frame= 8201 fps=1024 q=-1.0 size=N/A time=00:05:18.74 bitrate=N/A speed=39.8x    
[hls @ 0x7c62976b5b80] Opening '/cache/transcodes/92e4e5e992e7c3d4d085b89b70c0d80b56.mp4' for writing
[hls @ 0x7c62976b5b80] Opening '/cache/transcodes/92e4e5e992e7c3d4d085b89b70c0d80b57.mp4' for writing
[hls @ 0x7c62976b5b80] Opening '/cache/transcodes/92e4e5e992e7c3d4d085b89b70c0d80b58.mp4' for writing
[hls @ 0x7c62976b5b80] Opening '/cache/transcodes/92e4e5e992e7c3d4d085b89b70c0d80b59.mp4' for writing
frame= 8719 fps=1024 q=-1.0 size=N/A time=00:05:40.26 bitrate=N/A speed=  40x    
[hls @ 0x7c62976b5b80] Opening '/cache/transcodes/92e4e5e992e7c3d4d085b89b70c0d80b60.mp4' for writing
[hls @ 0x7c62976b5b80] Opening '/cache/transcodes/92e4e5e992e7c3d4d085b89b70c0d80b61.mp4' for writing
[hls @ 0x7c62976b5b80] Opening '/cache/transcodes/92e4e5e992e7c3d4d085b89b70c0d80b62.mp4' for writing
[hls @ 0x7c62976b5b80] Opening '/cache/transcodes/92e4e5e992e7c3d4d085b89b70c0d80b63.mp4' for writing
frame= 9233 fps=1025 q=-1.0 size=N/A time=00:06:01.66 bitrate=N/A speed=40.1x    
[hls @ 0x7c62976b5b80] Opening '/cache/transcodes/92e4e5e992e7c3d4d085b89b70c0d80b64.mp4' for writing
[hls @ 0x7c62976b5b80] Opening '/cache/transcodes/92e4e5e992e7c3d4d085b89b70c0d80b65.mp4' for writing
[hls @ 0x7c62976b5b80] Opening '/cache/transcodes/92e4e5e992e7c3d4d085b89b70c0d80b66.mp4' for writing
frame= 9757 fps=1026 q=-1.0 size=N/A time=00:06:23.87 bitrate=N/A speed=40.4x    
[hls @ 0x7c62976b5b80] Opening '/cache/transcodes/92e4e5e992e7c3d4d085b89b70c0d80b67.mp4' for writing
[hls @ 0x7c62976b5b80] Opening '/cache/transcodes/92e4e5e992e7c3d4d085b89b70c0d80b68.mp4' for writing
[hls @ 0x7c62976b5b80] Opening '/cache/transcodes/92e4e5e992e7c3d4d085b89b70c0d80b69.mp4' for writing
[hls @ 0x7c62976b5b80] Opening '/cache/transcodes/92e4e5e992e7c3d4d085b89b70c0d80b70.mp4' for writing


[q] command received. Exiting.

[hls @ 0x7c62976b5b80] Opening '/cache/transcodes/92e4e5e992e7c3d4d085b89b70c0d80b71.mp4' for writing
[out#0/hls @ 0x7c6297681580] video:494167KiB audio:13355KiB subtitle:0KiB other streams:0KiB global headers:0KiB muxing overhead: unknown
frame=10241 fps=1020 q=-1.0 Lsize=N/A time=00:06:43.98 bitrate=N/A speed=40.2x    