{"Protocol":0,"Id":"43299eada6622e7c5598e83ab58d76d5","Path":"/media/media/series/Welcome to Derry (2025)/Season 01/Welcome to Derry S01E05.mkv","EncoderPath":null,"EncoderProtocol":null,"Type":0,"Container":"mkv","Size":4002963625,"Name":"Welcome to Derry S01E05","IsRemote":false,"ETag":"fc3a04d8c6743504eccd44c56fc27097","RunTimeTicks":33201600000,"ReadAtNativeFramerate":false,"IgnoreDts":false,"IgnoreIndex":false,"GenPtsInput":false,"SupportsTranscoding":true,"SupportsDirectStream":true,"SupportsDirectPlay":true,"IsInfiniteStream":false,"UseMostCompatibleTranscodingProfile":false,"RequiresOpening":false,"OpenToken":null,"RequiresClosing":false,"LiveStreamId":null,"BufferMs":null,"RequiresLooping":false,"SupportsProbing":true,"VideoType":0,"IsoType":null,"Video3DFormat":null,"MediaStreams":[{"Codec":"h264","CodecTag":null,"Language":null,"ColorRange":null,"ColorSpace":"bt709","ColorTransfer":"bt709","ColorPrimaries":"bt709","DvVersionMajor":null,"DvVersionMinor":null,"DvProfile":null,"DvLevel":null,"RpuPresentFlag":null,"ElPresentFlag":null,"BlPresentFlag":null,"DvBlSignalCompatibilityId":null,"Rotation":null,"Comment":null,"TimeBase":"1/1000","CodecTimeBase":null,"Title":"ZonaLeRos","Hdr10PlusPresentFlag":null,"VideoRange":1,"VideoRangeType":1,"VideoDoViTitle":null,"AudioSpatialFormat":0,"LocalizedUndefined":null,"LocalizedDefault":null,"LocalizedForced":null,"LocalizedExternal":null,"LocalizedHearingImpaired":null,"DisplayTitle":"ZonaLeRos - 1080p - H264 - SDR","NalLengthSize":"4","IsInterlaced":false,"IsAVC":true,"ChannelLayout":null,"BitRate":9645230,"BitDepth":8,"RefFrames":1,"PacketLength":null,"Channels":null,"SampleRate":null,"IsDefault":true,"IsForced":false,"IsHearingImpaired":false,"Height":1080,"Width":1920,"AverageFrameRate":23.976025,"RealFrameRate":23.976025,"ReferenceFrameRate":23.976025,"Profile":"High","Type":1,"AspectRatio":"16:9","Index":0,"Score":null,"IsExternal":false,"DeliveryMethod":null,"DeliveryUrl":null,"IsExternalUrl":null,"IsTextSubtitleStream":false,"SupportsExternalStream":false,"Path":null,"PixelFormat":"yuv420p","Level":40,"IsAnamorphic":false},{"Codec":"ac3","CodecTag":null,"Language":"spa","ColorRange":null,"ColorSpace":null,"ColorTransfer":null,"ColorPrimaries":null,"DvVersionMajor":null,"DvVersionMinor":null,"DvProfile":null,"DvLevel":null,"RpuPresentFlag":null,"ElPresentFlag":null,"BlPresentFlag":null,"DvBlSignalCompatibilityId":null,"Rotation":null,"Comment":null,"TimeBase":"1/1000","CodecTimeBase":null,"Title":"Audio Latino","Hdr10PlusPresentFlag":null,"VideoRange":0,"VideoRangeType":0,"VideoDoViTitle":null,"AudioSpatialFormat":0,"LocalizedUndefined":null,"LocalizedDefault":"Por defecto","LocalizedForced":null,"LocalizedExternal":"Externo","LocalizedHearingImpaired":null,"DisplayTitle":"Audio Latino - Spanish - Dolby Digital - 5.1 - Por defecto","NalLengthSize":null,"IsInterlaced":false,"IsAVC":false,"ChannelLayout":"5.1","BitRate":384000,"BitDepth":null,"RefFrames":null,"PacketLength":null,"Channels":6,"SampleRate":48000,"IsDefault":true,"IsForced":false,"IsHearingImpaired":false,"Height":null,"Width":null,"AverageFrameRate":null,"RealFrameRate":null,"ReferenceFrameRate":null,"Profile":null,"Type":0,"AspectRatio":null,"Index":1,"Score":null,"IsExternal":false,"DeliveryMethod":null,"DeliveryUrl":null,"IsExternalUrl":null,"IsTextSubtitleStream":false,"SupportsExternalStream":false,"Path":null,"PixelFormat":null,"Level":0,"IsAnamorphic":null},{"Codec":"ac3","CodecTag":null,"Language":"eng","ColorRange":null,"ColorSpace":null,"ColorTransfer":null,"ColorPrimaries":null,"DvVersionMajor":null,"DvVersionMinor":null,"DvProfile":null,"DvLevel":null,"RpuPresentFlag":null,"ElPresentFlag":null,"BlPresentFlag":null,"DvBlSignalCompatibilityId":null,"Rotation":null,"Comment":null,"TimeBase":"1/1000","CodecTimeBase":null,"Title":"Audio Ingl\u00E9s","Hdr10PlusPresentFlag":null,"VideoRange":0,"VideoRangeType":0,"VideoDoViTitle":null,"AudioSpatialFormat":0,"LocalizedUndefined":null,"LocalizedDefault":"Por defecto","LocalizedForced":null,"LocalizedExternal":"Externo","LocalizedHearingImpaired":null,"DisplayTitle":"Audio Ingl\u00E9s - English - Dolby Digital - 5.1","NalLengthSize":null,"IsInterlaced":false,"IsAVC":false,"ChannelLayout":"5.1","BitRate":448000,"BitDepth":null,"RefFrames":null,"PacketLength":null,"Channels":6,"SampleRate":48000,"IsDefault":false,"IsForced":false,"IsHearingImpaired":false,"Height":null,"Width":null,"AverageFrameRate":null,"RealFrameRate":null,"ReferenceFrameRate":null,"Profile":null,"Type":0,"AspectRatio":null,"Index":2,"Score":null,"IsExternal":false,"DeliveryMethod":null,"DeliveryUrl":null,"IsExternalUrl":null,"IsTextSubtitleStream":false,"SupportsExternalStream":false,"Path":null,"PixelFormat":null,"Level":0,"IsAnamorphic":null},{"Codec":"subrip","CodecTag":null,"Language":"spa","ColorRange":null,"ColorSpace":null,"ColorTransfer":null,"ColorPrimaries":null,"DvVersionMajor":null,"DvVersionMinor":null,"DvProfile":null,"DvLevel":null,"RpuPresentFlag":null,"ElPresentFlag":null,"BlPresentFlag":null,"DvBlSignalCompatibilityId":null,"Rotation":null,"Comment":null,"TimeBase":"1/1000","CodecTimeBase":null,"Title":"Forzados","Hdr10PlusPresentFlag":null,"VideoRange":0,"VideoRangeType":0,"VideoDoViTitle":null,"AudioSpatialFormat":0,"LocalizedUndefined":"Sin definir","LocalizedDefault":"Por defecto","LocalizedForced":"Forzado","LocalizedExternal":"Externo","LocalizedHearingImpaired":"Discapacidad auditiva","DisplayTitle":"Forzados - Spanish - Por defecto - SUBRIP","NalLengthSize":null,"IsInterlaced":false,"IsAVC":false,"ChannelLayout":null,"BitRate":null,"BitDepth":null,"RefFrames":null,"PacketLength":null,"Channels":null,"SampleRate":null,"IsDefault":true,"IsForced":false,"IsHearingImpaired":false,"Height":0,"Width":0,"AverageFrameRate":null,"RealFrameRate":null,"ReferenceFrameRate":null,"Profile":null,"Type":2,"AspectRatio":null,"Index":3,"Score":null,"IsExternal":false,"DeliveryMethod":null,"DeliveryUrl":null,"IsExternalUrl":null,"IsTextSubtitleStream":true,"SupportsExternalStream":true,"Path":null,"PixelFormat":null,"Level":0,"IsAnamorphic":null},{"Codec":"subrip","CodecTag":null,"Language":"spa","ColorRange":null,"ColorSpace":null,"ColorTransfer":null,"ColorPrimaries":null,"DvVersionMajor":null,"DvVersionMinor":null,"DvProfile":null,"DvLevel":null,"RpuPresentFlag":null,"ElPresentFlag":null,"BlPresentFlag":null,"DvBlSignalCompatibilityId":null,"Rotation":null,"Comment":null,"TimeBase":"1/1000","CodecTimeBase":null,"Title":"Espa\u00F1ol","Hdr10PlusPresentFlag":null,"VideoRange":0,"VideoRangeType":0,"VideoDoViTitle":null,"AudioSpatialFormat":0,"LocalizedUndefined":"Sin definir","LocalizedDefault":"Por defecto","LocalizedForced":"Forzado","LocalizedExternal":"Externo","LocalizedHearingImpaired":"Discapacidad auditiva","DisplayTitle":"Espa\u00F1ol - Spanish - SUBRIP","NalLengthSize":null,"IsInterlaced":false,"IsAVC":false,"ChannelLayout":null,"BitRate":null,"BitDepth":null,"RefFrames":null,"PacketLength":null,"Channels":null,"SampleRate":null,"IsDefault":false,"IsForced":false,"IsHearingImpaired":false,"Height":0,"Width":0,"AverageFrameRate":null,"RealFrameRate":null,"ReferenceFrameRate":null,"Profile":null,"Type":2,"AspectRatio":null,"Index":4,"Score":null,"IsExternal":false,"DeliveryMethod":null,"DeliveryUrl":null,"IsExternalUrl":null,"IsTextSubtitleStream":true,"SupportsExternalStream":true,"Path":null,"PixelFormat":null,"Level":0,"IsAnamorphic":null},{"Codec":"subrip","CodecTag":null,"Language":"eng","ColorRange":null,"ColorSpace":null,"ColorTransfer":null,"ColorPrimaries":null,"DvVersionMajor":null,"DvVersionMinor":null,"DvProfile":null,"DvLevel":null,"RpuPresentFlag":null,"ElPresentFlag":null,"BlPresentFlag":null,"DvBlSignalCompatibilityId":null,"Rotation":null,"Comment":null,"TimeBase":"1/1000","CodecTimeBase":null,"Title":"Ingl\u00E9s","Hdr10PlusPresentFlag":null,"VideoRange":0,"VideoRangeType":0,"VideoDoViTitle":null,"AudioSpatialFormat":0,"LocalizedUndefined":"Sin definir","LocalizedDefault":"Por defecto","LocalizedForced":"Forzado","LocalizedExternal":"Externo","LocalizedHearingImpaired":"Discapacidad auditiva","DisplayTitle":"Ingl\u00E9s - English - SUBRIP","NalLengthSize":null,"IsInterlaced":false,"IsAVC":false,"ChannelLayout":null,"BitRate":null,"BitDepth":null,"RefFrames":null,"PacketLength":null,"Channels":null,"SampleRate":null,"IsDefault":false,"IsForced":false,"IsHearingImpaired":false,"Height":0,"Width":0,"AverageFrameRate":null,"RealFrameRate":null,"ReferenceFrameRate":null,"Profile":null,"Type":2,"AspectRatio":null,"Index":5,"Score":null,"IsExternal":false,"DeliveryMethod":null,"DeliveryUrl":null,"IsExternalUrl":null,"IsTextSubtitleStream":true,"SupportsExternalStream":true,"Path":null,"PixelFormat":null,"Level":0,"IsAnamorphic":null}],"MediaAttachments":[],"Formats":[],"Bitrate":10477230,"FallbackMaxStreamingBitrate":null,"Timestamp":null,"RequiredHttpHeaders":{},"TranscodingUrl":null,"TranscodingSubProtocol":0,"TranscodingContainer":null,"AnalyzeDurationMs":null,"DefaultAudioStreamIndex":null,"DefaultSubtitleStreamIndex":null,"HasSegments":false}

/usr/lib/jellyfin-ffmpeg/ffmpeg -analyzeduration 200M -probesize 1G -fflags +genpts  -i file:"/media/media/series/Welcome to Derry (2025)/Season 01/Welcome to Derry S01E05.mkv" -map_metadata -1 -map_chapters -1 -threads 0 -map 0:0 -map 0:1 -map -0:s -codec:v:0 copy -bsf:v h264_mp4toannexb -start_at_zero -codec:a:0 libfdk_aac -ac 2 -ab 256000 -af "volume=2" -copyts -avoid_negative_ts disabled -max_muxing_queue_size 2048 -f hls -max_delay 5000000 -hls_time 6 -hls_segment_type fmp4 -hls_fmp4_init_filename "a19ba882762037f6ba5eaea0383fffb1-1.mp4" -start_number 0 -hls_segment_filename "/cache/transcodes/a19ba882762037f6ba5eaea0383fffb1%d.mp4" -hls_playlist_type vod -hls_list_size 0 -hls_segment_options movflags=+frag_discont -y "/cache/transcodes/a19ba882762037f6ba5eaea0383fffb1.m3u8"


ffmpeg version 7.1.2-Jellyfin Copyright (c) 2000-2025 the FFmpeg developers
  built with gcc 14 (Debian 14.2.0-19)
  configuration: --prefix=/usr/lib/jellyfin-ffmpeg --target-os=linux --extra-version=Jellyfin --disable-doc --disable-ffplay --disable-static --disable-libxcb --disable-sdl2 --disable-xlib --enable-lto=auto --enable-gpl --enable-version3 --enable-shared --enable-gmp --enable-gnutls --enable-chromaprint --enable-opencl --enable-libdrm --enable-libxml2 --enable-libass --enable-libfreetype --enable-libfribidi --enable-libfontconfig --enable-libharfbuzz --enable-libbluray --enable-libmp3lame --enable-libopus --enable-libtheora --enable-libvorbis --enable-libopenmpt --enable-libdav1d --enable-libsvtav1 --enable-libwebp --enable-libvpx --enable-libx264 --enable-libx265 --enable-libzvbi --enable-libzimg --enable-libfdk-aac --arch=amd64 --enable-libshaderc --enable-libplacebo --enable-vulkan --enable-vaapi --enable-amf --enable-libvpl --enable-ffnvcodec --enable-cuda --enable-cuda-llvm --enable-cuvid --enable-nvdec --enable-nvenc
  libavutil      59. 39.100 / 59. 39.100
  libavcodec     61. 19.101 / 61. 19.101
  libavformat    61.  7.100 / 61.  7.100
  libavdevice    61.  3.100 / 61.  3.100
  libavfilter    10.  4.100 / 10.  4.100
  libswscale      8.  3.100 /  8.  3.100
  libswresample   5.  3.100 /  5.  3.100
  libpostproc    58.  3.100 / 58.  3.100
Input #0, matroska,webm, from 'file:/media/media/series/Welcome to Derry (2025)/Season 01/Welcome to Derry S01E05.mkv':
  Metadata:
    title           : ZonaLeRos
    encoder         : libebml v1.3.6 + libmatroska v1.4.9
    creation_time   : 2025-11-24T02:39:36.000000Z
  Duration: 00:55:20.16, start: 0.000000, bitrate: 9645 kb/s
  Stream #0:0: Video: h264 (High), yuv420p(tv, bt709, progressive), 1920x1080 [SAR 1:1 DAR 16:9], 23.98 fps, 23.98 tbr, 1k tbn (default)
      Metadata:
        title           : ZonaLeRos
        BPS-eng         : 8810869
        DURATION-eng    : 00:55:20.109000000
        NUMBER_OF_FRAMES-eng: 79603
        NUMBER_OF_BYTES-eng: 3656630722
        _STATISTICS_WRITING_APP-eng: mkvmerge v27.0.0 ('Metropolis') 64-bit
        _STATISTICS_WRITING_DATE_UTC-eng: 2025-11-24 02:39:36
        _STATISTICS_TAGS-eng: BPS DURATION NUMBER_OF_FRAMES NUMBER_OF_BYTES
  Stream #0:1(spa): Audio: ac3, 48000 Hz, 5.1(side), fltp, 384 kb/s (default)
      Metadata:
        title           : Audio Latino
        BPS-eng         : 384000
        DURATION-eng    : 00:55:20.160000000
        NUMBER_OF_FRAMES-eng: 103755
        NUMBER_OF_BYTES-eng: 159367680
        _STATISTICS_WRITING_APP-eng: mkvmerge v27.0.0 ('Metropolis') 64-bit
        _STATISTICS_WRITING_DATE_UTC-eng: 2025-11-24 02:39:36
        _STATISTICS_TAGS-eng: BPS DURATION NUMBER_OF_FRAMES NUMBER_OF_BYTES
  Stream #0:2(eng): Audio: ac3, 48000 Hz, 5.1(side), fltp, 448 kb/s
      Metadata:
        title           : Audio Inglés
        BPS-eng         : 448000
        DURATION-eng    : 00:55:20.128000000
        NUMBER_OF_FRAMES-eng: 103754
        NUMBER_OF_BYTES-eng: 185927168
        _STATISTICS_WRITING_APP-eng: mkvmerge v27.0.0 ('Metropolis') 64-bit
        _STATISTICS_WRITING_DATE_UTC-eng: 2025-11-24 02:39:36
        _STATISTICS_TAGS-eng: BPS DURATION NUMBER_OF_FRAMES NUMBER_OF_BYTES
  Stream #0:3(spa): Subtitle: subrip (srt) (default)
      Metadata:
        title           : Forzados
        BPS-eng         : 1
        DURATION-eng    : 00:14:33.873000000
        NUMBER_OF_FRAMES-eng: 4
        NUMBER_OF_BYTES-eng: 142
        _STATISTICS_WRITING_APP-eng: mkvmerge v27.0.0 ('Metropolis') 64-bit
        _STATISTICS_WRITING_DATE_UTC-eng: 2025-11-24 02:39:36
        _STATISTICS_TAGS-eng: BPS DURATION NUMBER_OF_FRAMES NUMBER_OF_BYTES
  Stream #0:4(spa): Subtitle: subrip (srt)
      Metadata:
        title           : Español
        BPS-eng         : 49
        DURATION-eng    : 00:52:46.538000000
        NUMBER_OF_FRAMES-eng: 699
        NUMBER_OF_BYTES-eng: 19513
        _STATISTICS_WRITING_APP-eng: mkvmerge v27.0.0 ('Metropolis') 64-bit
        _STATISTICS_WRITING_DATE_UTC-eng: 2025-11-24 02:39:36
        _STATISTICS_TAGS-eng: BPS DURATION NUMBER_OF_FRAMES NUMBER_OF_BYTES
  Stream #0:5(eng): Subtitle: subrip (srt)
      Metadata:
        title           : Inglés
        BPS-eng         : 50
        DURATION-eng    : 00:52:46.705000000
        NUMBER_OF_FRAMES-eng: 703
        NUMBER_OF_BYTES-eng: 19970
        _STATISTICS_WRITING_APP-eng: mkvmerge v27.0.0 ('Metropolis') 64-bit
        _STATISTICS_WRITING_DATE_UTC-eng: 2025-11-24 02:39:36
        _STATISTICS_TAGS-eng: BPS DURATION NUMBER_OF_FRAMES NUMBER_OF_BYTES
Stream mapping:
  Stream #0:0 -> #0:0 (copy)
  Stream #0:1 -> #0:1 (ac3 (native) -> aac (libfdk_aac))
Press [q] to stop, [?] for help
[hls @ 0x734cb06b5b80] Opening '/cache/transcodes/a19ba882762037f6ba5eaea0383fffb1-1.mp4' for writing
Output #0, hls, to '/cache/transcodes/a19ba882762037f6ba5eaea0383fffb1.m3u8':
  Metadata:
    encoder         : Lavf61.7.100
  Stream #0:0: Video: h264 (High), yuv420p(tv, bt709, progressive), 1920x1080 [SAR 1:1 DAR 16:9], q=2-31, 23.98 fps, 23.98 tbr, 16k tbn (default)
  Stream #0:1: Audio: aac, 48000 Hz, stereo, s16, 256 kb/s (default)
      Metadata:
        encoder         : Lavc61.19.101 libfdk_aac
      Side data:
        cpb: bitrate max/min/avg: 256000/256000/256000 buffer size: 0 vbv_delay: N/A
[hls @ 0x734cb06b5b80] Opening '/cache/transcodes/a19ba882762037f6ba5eaea0383fffb10.mp4' for writing
[hls @ 0x734cb06b5b80] Opening '/cache/transcodes/a19ba882762037f6ba5eaea0383fffb11.mp4' for writing
[hls @ 0x734cb06b5b80] Opening '/cache/transcodes/a19ba882762037f6ba5eaea0383fffb12.mp4' for writing
[hls @ 0x734cb06b5b80] Opening '/cache/transcodes/a19ba882762037f6ba5eaea0383fffb13.mp4' for writing
frame=  581 fps=0.0 q=-1.0 size=N/A time=00:00:00.00 bitrate=N/A speed=   0x    
[hls @ 0x734cb06b5b80] Opening '/cache/transcodes/a19ba882762037f6ba5eaea0383fffb14.mp4' for writing
[hls @ 0x734cb06b5b80] Opening '/cache/transcodes/a19ba882762037f6ba5eaea0383fffb15.mp4' for writing
frame=  941 fps=939 q=-1.0 size=N/A time=00:00:14.86 bitrate=N/A speed=14.8x    
[hls @ 0x734cb06b5b80] Opening '/cache/transcodes/a19ba882762037f6ba5eaea0383fffb16.mp4' for writing
[hls @ 0x734cb06b5b80] Opening '/cache/transcodes/a19ba882762037f6ba5eaea0383fffb17.mp4' for writing
[hls @ 0x734cb06b5b80] Opening '/cache/transcodes/a19ba882762037f6ba5eaea0383fffb18.mp4' for writing
frame= 1408 fps=937 q=-1.0 size=N/A time=00:00:34.51 bitrate=N/A speed=  23x    
[hls @ 0x734cb06b5b80] Opening '/cache/transcodes/a19ba882762037f6ba5eaea0383fffb19.mp4' for writing
[hls @ 0x734cb06b5b80] Opening '/cache/transcodes/a19ba882762037f6ba5eaea0383fffb110.mp4' for writing
[hls @ 0x734cb06b5b80] Opening '/cache/transcodes/a19ba882762037f6ba5eaea0383fffb111.mp4' for writing
[hls @ 0x734cb06b5b80] Opening '/cache/transcodes/a19ba882762037f6ba5eaea0383fffb112.mp4' for writing
frame= 1895 fps=946 q=-1.0 size=N/A time=00:00:54.63 bitrate=N/A speed=27.3x    
[hls @ 0x734cb06b5b80] Opening '/cache/transcodes/a19ba882762037f6ba5eaea0383fffb113.mp4' for writing
[hls @ 0x734cb06b5b80] Opening '/cache/transcodes/a19ba882762037f6ba5eaea0383fffb114.mp4' for writing
[hls @ 0x734cb06b5b80] Opening '/cache/transcodes/a19ba882762037f6ba5eaea0383fffb115.mp4' for writing
frame= 2388 fps=954 q=-1.0 size=N/A time=00:01:15.26 bitrate=N/A speed=30.1x    
[hls @ 0x734cb06b5b80] Opening '/cache/transcodes/a19ba882762037f6ba5eaea0383fffb116.mp4' for writing
[hls @ 0x734cb06b5b80] Opening '/cache/transcodes/a19ba882762037f6ba5eaea0383fffb117.mp4' for writing
[hls @ 0x734cb06b5b80] Opening '/cache/transcodes/a19ba882762037f6ba5eaea0383fffb118.mp4' for writing
frame= 2801 fps=933 q=-1.0 size=N/A time=00:01:32.54 bitrate=N/A speed=30.8x    
[hls @ 0x734cb06b5b80] Opening '/cache/transcodes/a19ba882762037f6ba5eaea0383fffb119.mp4' for writing
[hls @ 0x734cb06b5b80] Opening '/cache/transcodes/a19ba882762037f6ba5eaea0383fffb120.mp4' for writing
[hls @ 0x734cb06b5b80] Opening '/cache/transcodes/a19ba882762037f6ba5eaea0383fffb121.mp4' for writing
frame= 3284 fps=937 q=-1.0 size=N/A time=00:01:52.66 bitrate=N/A speed=32.2x    
[hls @ 0x734cb06b5b80] Opening '/cache/transcodes/a19ba882762037f6ba5eaea0383fffb122.mp4' for writing
[hls @ 0x734cb06b5b80] Opening '/cache/transcodes/a19ba882762037f6ba5eaea0383fffb123.mp4' for writing
[hls @ 0x734cb06b5b80] Opening '/cache/transcodes/a19ba882762037f6ba5eaea0383fffb124.mp4' for writing
[hls @ 0x734cb06b5b80] Opening '/cache/transcodes/a19ba882762037f6ba5eaea0383fffb125.mp4' for writing
frame= 3793 fps=947 q=-1.0 size=N/A time=00:02:13.90 bitrate=N/A speed=33.4x    
[hls @ 0x734cb06b5b80] Opening '/cache/transcodes/a19ba882762037f6ba5eaea0383fffb126.mp4' for writing
[hls @ 0x734cb06b5b80] Opening '/cache/transcodes/a19ba882762037f6ba5eaea0383fffb127.mp4' for writing
[hls @ 0x734cb06b5b80] Opening '/cache/transcodes/a19ba882762037f6ba5eaea0383fffb128.mp4' for writing


[q] command received. Exiting.

[hls @ 0x734cb06b5b80] Opening '/cache/transcodes/a19ba882762037f6ba5eaea0383fffb129.mp4' for writing
[out#0/hls @ 0x734cb0681580] video:204990KiB audio:5601KiB subtitle:0KiB other streams:0KiB global headers:0KiB muxing overhead: unknown
frame= 4289 fps=947 q=-1.0 Lsize=N/A time=00:02:34.73 bitrate=N/A speed=34.2x    