[2025-11-29 00:10:19.374 -05:00] [INF] [86] Emby.Server.Implementations.ScheduledTasks.Tasks.OptimizeDatabaseTask: Optimizing and vacuuming jellyfin.db...
[2025-11-29 00:10:19.441 -05:00] [INF] [86] Jellyfin.Database.Providers.Sqlite.SqliteDatabaseProvider: jellyfin.db optimized successfully!
[2025-11-29 00:10:19.441 -05:00] [INF] [86] Emby.Server.Implementations.ScheduledTasks.TaskManager: "Optimizar base de datos" Completed after 0 minute(s) and 0 seconds
[2025-11-29 02:00:00.069 -05:00] [INF] [28] Emby.Server.Implementations.ScheduledTasks.TaskManager: "Extraer imágenes de los capítulos" Completed after 0 minute(s) and 0 seconds
[2025-11-29 02:00:01.005 -05:00] [INF] [28] Emby.Server.Implementations.ScheduledTasks.TaskManager: Daily trigger for "Extraer imágenes de los capítulos" set to fire at 2025-11-30 02:00:00.000 -05:00, which is 23:59:58.9947102 from now.
[2025-11-29 14:44:57.630 -05:00] [INF] [70] Emby.Server.Implementations.HttpServer.WebSocketManager: WS "100.73.189.122" request
[2025-11-29 14:45:01.406 -05:00] [INF] [69] Jellyfin.Api.Helpers.MediaInfoHelper: User policy for "daniel". EnablePlaybackRemuxing: True EnableVideoPlaybackTranscoding: True EnableAudioPlaybackTranscoding: True
[2025-11-29 14:45:01.889 -05:00] [INF] [46] MediaBrowser.MediaEncoding.Transcoding.TranscodeManager: "/usr/lib/jellyfin-ffmpeg/ffmpeg" "-analyzeduration 200M -probesize 1G -fflags +genpts  -i file:\"/media/media/series/Welcome to Derry (2025)/Season 01/Welcome to Derry S01E05.mkv\" -map_metadata -1 -map_chapters -1 -threads 0 -map 0:0 -map 0:1 -map -0:s -codec:v:0 copy -bsf:v h264_mp4toannexb -start_at_zero -codec:a:0 libfdk_aac -ac 2 -ab 256000 -af \"volume=2\" -copyts -avoid_negative_ts disabled -max_muxing_queue_size 2048 -f hls -max_delay 5000000 -hls_time 6 -hls_segment_type fmp4 -hls_fmp4_init_filename \"ab50023d2ae675147ca5fe5989f0a550-1.mp4\" -start_number 0 -hls_segment_filename \"/cache/transcodes/ab50023d2ae675147ca5fe5989f0a550%d.mp4\" -hls_playlist_type vod -hls_list_size 0 -hls_segment_options movflags=+frag_discont -y \"/cache/transcodes/ab50023d2ae675147ca5fe5989f0a550.m3u8\""
[2025-11-29 14:45:07.822 -05:00] [INF] [46] MediaBrowser.Controller.MediaEncoding.TranscodingJob: Stopping ffmpeg process with q command for "/cache/transcodes/ab50023d2ae675147ca5fe5989f0a550.m3u8"
[2025-11-29 14:45:08.422 -05:00] [INF] [46] MediaBrowser.MediaEncoding.Transcoding.TranscodeManager: FFmpeg exited with code 0
[2025-11-29 14:45:08.423 -05:00] [INF] [46] MediaBrowser.MediaEncoding.Transcoding.TranscodeManager: Deleting partial stream file(s) "/cache/transcodes/ab50023d2ae675147ca5fe5989f0a550.m3u8"
[2025-11-29 14:45:10.117 -05:00] [INF] [73] Emby.Server.Implementations.Session.SessionManager: Playback stopped reported by app "Jellyfin Web" "10.11.3" playing "⁨Calle Neibolt 29⁩". Stopped at "4679" ms
[2025-11-29 14:45:13.491 -05:00] [INF] [73] Jellyfin.Api.Helpers.MediaInfoHelper: User policy for "daniel". EnablePlaybackRemuxing: True EnableVideoPlaybackTranscoding: True EnableAudioPlaybackTranscoding: True
[2025-11-29 14:45:13.844 -05:00] [INF] [72] MediaBrowser.MediaEncoding.Transcoding.TranscodeManager: "/usr/lib/jellyfin-ffmpeg/ffmpeg" "-analyzeduration 200M -probesize 1G -fflags +genpts  -i file:\"/media/media/movies/Cowboy Bebop Knockin' on Heaven's Door (2001).mkv\" -map_metadata -1 -map_chapters -1 -threads 0 -map 0:0 -map 0:2 -map -0:s -codec:v:0 copy -bsf:v h264_mp4toannexb -start_at_zero -codec:a:0 libfdk_aac -ac 2 -ab 256000 -af \"volume=2\" -copyts -avoid_negative_ts disabled -max_muxing_queue_size 2048 -f hls -max_delay 5000000 -hls_time 6 -hls_segment_type fmp4 -hls_fmp4_init_filename \"fa493aeb4b481429b70dad8eb71b74f7-1.mp4\" -start_number 0 -hls_segment_filename \"/cache/transcodes/fa493aeb4b481429b70dad8eb71b74f7%d.mp4\" -hls_playlist_type vod -hls_list_size 0 -hls_segment_options movflags=+frag_discont -y \"/cache/transcodes/fa493aeb4b481429b70dad8eb71b74f7.m3u8\""
[2025-11-29 14:45:14.170 -05:00] [INF] [72] MediaBrowser.Controller.MediaEncoding.TranscodingJob: Stopping ffmpeg process with q command for "/cache/transcodes/fa493aeb4b481429b70dad8eb71b74f7.m3u8"
[2025-11-29 14:45:14.430 -05:00] [INF] [72] MediaBrowser.MediaEncoding.Transcoding.TranscodeManager: FFmpeg exited with code 0
[2025-11-29 14:45:14.431 -05:00] [INF] [72] MediaBrowser.MediaEncoding.Transcoding.TranscodeManager: "/usr/lib/jellyfin-ffmpeg/ffmpeg" "-analyzeduration 200M -probesize 1G -ss 01:36:39.293 -noaccurate_seek -fflags +genpts  -i file:\"/media/media/movies/Cowboy Bebop Knockin' on Heaven's Door (2001).mkv\" -map_metadata -1 -map_chapters -1 -threads 0 -map 0:0 -map 0:2 -map -0:s -codec:v:0 copy -bsf:v h264_mp4toannexb -start_at_zero -codec:a:0 libfdk_aac -ac 2 -ab 256000 -af \"volume=2\" -copyts -avoid_negative_ts disabled -max_muxing_queue_size 2048 -f hls -max_delay 5000000 -hls_time 6 -hls_segment_type fmp4 -hls_fmp4_init_filename \"fa493aeb4b481429b70dad8eb71b74f7-1.mp4\" -start_number 966 -hls_segment_filename \"/cache/transcodes/fa493aeb4b481429b70dad8eb71b74f7%d.mp4\" -hls_playlist_type vod -hls_list_size 0 -hls_segment_options movflags=+frag_discont -y \"/cache/transcodes/fa493aeb4b481429b70dad8eb71b74f7.m3u8\""
[2025-11-29 14:45:16.938 -05:00] [INF] [70] MediaBrowser.Controller.MediaEncoding.TranscodingJob: Stopping ffmpeg process with q command for "/cache/transcodes/fa493aeb4b481429b70dad8eb71b74f7.m3u8"
[2025-11-29 14:45:17.005 -05:00] [INF] [75] MediaBrowser.MediaEncoding.Transcoding.TranscodeManager: FFmpeg exited with code 0
[2025-11-29 14:45:17.006 -05:00] [INF] [70] MediaBrowser.MediaEncoding.Transcoding.TranscodeManager: Deleting partial stream file(s) "/cache/transcodes/fa493aeb4b481429b70dad8eb71b74f7.m3u8"
[2025-11-29 14:45:18.521 -05:00] [INF] [70] Emby.Server.Implementations.Session.SessionManager: Playback stopped reported by app "Jellyfin Web" "10.11.3" playing "Cowboy Bebop, la película: Llamando a las puertas del cielo". Stopped at "5807646" ms
[2025-11-29 14:45:18.863 -05:00] [INF] [72] Emby.Server.Implementations.HttpServer.WebSocketManager: WS "100.73.189.122" closed
[2025-11-29 15:21:45.055 -05:00] [INF] [94] Emby.Server.Implementations.ScheduledTasks.TaskManager: "Generar imágenes de la barra de reproducción" Completed after 0 minute(s) and 0 seconds
[2025-11-29 15:21:46.010 -05:00] [INF] [94] Emby.Server.Implementations.ScheduledTasks.TaskManager: Daily trigger for "Generar imágenes de la barra de reproducción" set to fire at 2025-11-30 03:00:00.000 -05:00, which is 11:38:13.9894004 from now.
[2025-11-29 18:32:04.406 -05:00] [INF] [123] Emby.Server.Implementations.IO.LibraryMonitor: Stopping directory watching for path "/media/media/series"
[2025-11-29 18:32:04.407 -05:00] [INF] [123] Emby.Server.Implementations.IO.LibraryMonitor: Stopping directory watching for path "/media/media/movies"
[2025-11-29 18:32:04.409 -05:00] [INF] [123] Emby.Server.Implementations.Library.LibraryManager: Validating media library
[2025-11-29 18:32:04.416 -05:00] [INF] [120] Emby.Server.Implementations.ScheduledTasks.TaskManager: "Escaneo de segmentos de medios" Completed after 0 minute(s) and 0 seconds
[2025-11-29 18:32:04.668 -05:00] [WRN] [123] MediaBrowser.Controller.Entities.BaseItem: Library folder "/config/data/playlists" is inaccessible or empty, skipping
[2025-11-29 18:32:04.714 -05:00] [WRN] [122] MediaBrowser.Controller.Entities.BaseItem: Library folder "/config/data/playlists" is inaccessible or empty, skipping
[2025-11-29 18:32:05.202 -05:00] [INF] [122] Emby.Server.Implementations.ScheduledTasks.TaskManager: "Escanear biblioteca de medios" Completed after 0 minute(s) and 0 seconds
[2025-11-29 18:32:05.203 -05:00] [INF] [123] Emby.Server.Implementations.IO.LibraryMonitor: Watching directory "/media/media/movies"
[2025-11-29 18:32:05.203 -05:00] [INF] [124] Emby.Server.Implementations.IO.LibraryMonitor: Watching directory "/media/media/series"
[2025-11-29 18:33:05.368 -05:00] [INF] [128] Emby.Server.Implementations.ScheduledTasks.Tasks.OptimizeDatabaseTask: Optimizing and vacuuming jellyfin.db...
[2025-11-29 18:33:05.450 -05:00] [INF] [128] Jellyfin.Database.Providers.Sqlite.SqliteDatabaseProvider: jellyfin.db optimized successfully!
[2025-11-29 18:33:05.451 -05:00] [INF] [128] Emby.Server.Implementations.ScheduledTasks.TaskManager: "Optimizar base de datos" Completed after 0 minute(s) and 0 seconds
[2025-11-29 23:49:55.847 -05:00] [INF] [72] Emby.Server.Implementations.HttpServer.WebSocketManager: WS "100.84.89.19" request
[2025-11-29 23:49:59.558 -05:00] [INF] [73] Jellyfin.Api.Helpers.MediaInfoHelper: User policy for "daniel". EnablePlaybackRemuxing: True EnableVideoPlaybackTranscoding: True EnableAudioPlaybackTranscoding: True
[2025-11-29 23:50:08.401 -05:00] [INF] [15] Emby.Server.Implementations.Session.SessionManager: Playback stopped reported by app "Streamyfin" "0.47.1" playing "Cowboy Bebop, la película: Llamando a las puertas del cielo". Stopped at "5814085" ms
[2025-11-29 23:50:10.119 -05:00] [INF] [72] Jellyfin.Api.Helpers.MediaInfoHelper: User policy for "daniel". EnablePlaybackRemuxing: True EnableVideoPlaybackTranscoding: True EnableAudioPlaybackTranscoding: True
[2025-11-29 23:50:40.533 -05:00] [INF] [73] Emby.Server.Implementations.Session.SessionManager: Playback stopped reported by app "Streamyfin" "0.47.1" playing "Cowboy Bebop, la película: Llamando a las puertas del cielo". Stopped at "5843030" ms
[2025-11-29 23:50:46.243 -05:00] [INF] [73] Jellyfin.Api.Helpers.MediaInfoHelper: User policy for "daniel". EnablePlaybackRemuxing: True EnableVideoPlaybackTranscoding: True EnableAudioPlaybackTranscoding: True
[2025-11-29 23:51:11.197 -05:00] [INF] [73] Emby.Server.Implementations.Session.SessionManager: Playback stopped reported by app "Streamyfin" "0.47.1" playing "⁨Calle Neibolt 29⁩". Stopped at "1492852" ms
[2025-11-29 23:51:42.445 -05:00] [INF] [16] Emby.Server.Implementations.HttpServer.WebSocketManager: WS "100.84.89.19" closed
